{"C:\\Users\\eacsa\\Documents\\DVOPS_Projects\\DVOPS-part1\\models\\User.js":{"path":"C:\\Users\\eacsa\\Documents\\DVOPS_Projects\\DVOPS-part1\\models\\User.js","statementMap":{"0":{"start":{"line":3,"column":4},"end":{"line":3,"column":21}},"1":{"start":{"line":4,"column":4},"end":{"line":4,"column":29}},"2":{"start":{"line":5,"column":4},"end":{"line":5,"column":21}},"3":{"start":{"line":6,"column":4},"end":{"line":6,"column":46}},"4":{"start":{"line":7,"column":4},"end":{"line":7,"column":20}},"5":{"start":{"line":9,"column":21},"end":{"line":9,"column":41}},"6":{"start":{"line":10,"column":17},"end":{"line":10,"column":47}},"7":{"start":{"line":11,"column":4},"end":{"line":11,"column":49}},"8":{"start":{"line":14,"column":4},"end":{"line":14,"column":30}}},"fnMap":{"0":{"name":"(anonymous_0)","decl":{"start":{"line":2,"column":4},"end":{"line":2,"column":5}},"loc":{"start":{"line":2,"column":38},"end":{"line":12,"column":5}},"line":2}},"branchMap":{},"s":{"0":0,"1":0,"2":0,"3":0,"4":0,"5":0,"6":0,"7":0,"8":0},"f":{"0":0},"b":{},"all":true},"C:\\Users\\eacsa\\Documents\\DVOPS_Projects\\DVOPS-part1\\public\\instrumented\\js\\eod.js":{"path":"C:\\Users\\eacsa\\Documents\\DVOPS_Projects\\DVOPS-part1\\public\\instrumented\\js\\eod.js","statementMap":{"0":{"start":{"line":1,"column":34},"end":{"line":1,"column":112}},"1":{"start":{"line":1,"column":122},"end":{"line":1,"column":164}},"2":{"start":{"line":1,"column":176},"end":{"line":1,"column":205}},"3":{"start":{"line":1,"column":214},"end":{"line":1,"column":228}},"4":{"start":{"line":1,"column":246},"end":{"line":1,"column":2780}},"5":{"start":{"line":1,"column":2794},"end":{"line":1,"column":2823}},"6":{"start":{"line":1,"column":2824},"end":{"line":1,"column":2901}},"7":{"start":{"line":1,"column":2872},"end":{"line":1,"column":2900}},"8":{"start":{"line":1,"column":2920},"end":{"line":1,"column":2934}},"9":{"start":{"line":2,"column":0},"end":{"line":2,"column":49}},"10":{"start":{"line":2,"column":25},"end":{"line":2,"column":47}},"11":{"start":{"line":2,"column":50},"end":{"line":2,"column":72}},"12":{"start":{"line":2,"column":73},"end":{"line":2,"column":89}},"13":{"start":{"line":2,"column":109},"end":{"line":2,"column":132}},"14":{"start":{"line":2,"column":132},"end":{"line":2,"column":155}},"15":{"start":{"line":2,"column":155},"end":{"line":2,"column":187}},"16":{"start":{"line":2,"column":203},"end":{"line":2,"column":226}},"17":{"start":{"line":2,"column":240},"end":{"line":2,"column":265}},"18":{"start":{"line":2,"column":282},"end":{"line":2,"column":343}},"19":{"start":{"line":5,"column":13},"end":{"line":5,"column":56}},"20":{"start":{"line":5,"column":58},"end":{"line":5,"column":81}},"21":{"start":{"line":5,"column":81},"end":{"line":5,"column":113}},"22":{"start":{"line":5,"column":113},"end":{"line":5,"column":136}},"23":{"start":{"line":5,"column":136},"end":{"line":5,"column":196}},"24":{"start":{"line":5,"column":196},"end":{"line":5,"column":219}},"25":{"start":{"line":5,"column":219},"end":{"line":5,"column":960}},"26":{"start":{"line":5,"column":245},"end":{"line":5,"column":268}},"27":{"start":{"line":5,"column":268},"end":{"line":5,"column":291}},"28":{"start":{"line":5,"column":291},"end":{"line":5,"column":333}},"29":{"start":{"line":5,"column":333},"end":{"line":5,"column":356}},"30":{"start":{"line":5,"column":356},"end":{"line":5,"column":634}},"31":{"start":{"line":5,"column":391},"end":{"line":5,"column":417}},"32":{"start":{"line":5,"column":417},"end":{"line":5,"column":440}},"33":{"start":{"line":5,"column":440},"end":{"line":5,"column":502}},"34":{"start":{"line":5,"column":502},"end":{"line":5,"column":526}},"35":{"start":{"line":5,"column":526},"end":{"line":5,"column":601}},"36":{"start":{"line":5,"column":607},"end":{"line":5,"column":633}},"37":{"start":{"line":5,"column":634},"end":{"line":5,"column":658}},"38":{"start":{"line":5,"column":658},"end":{"line":5,"column":958}},"39":{"start":{"line":5,"column":701},"end":{"line":5,"column":727}},"40":{"start":{"line":5,"column":727},"end":{"line":5,"column":751}},"41":{"start":{"line":5,"column":751},"end":{"line":5,"column":827}},"42":{"start":{"line":5,"column":827},"end":{"line":5,"column":851}},"43":{"start":{"line":5,"column":851},"end":{"line":5,"column":925}},"44":{"start":{"line":5,"column":931},"end":{"line":5,"column":957}},"45":{"start":{"line":5,"column":960},"end":{"line":5,"column":984}},"46":{"start":{"line":5,"column":984},"end":{"line":5,"column":999}},"47":{"start":{"line":5,"column":1024},"end":{"line":5,"column":1047}},"48":{"start":{"line":5,"column":1060},"end":{"line":5,"column":1160}},"49":{"start":{"line":5,"column":1162},"end":{"line":5,"column":1186}},"50":{"start":{"line":5,"column":1186},"end":{"line":5,"column":1293}},"51":{"start":{"line":5,"column":1204},"end":{"line":5,"column":1230}},"52":{"start":{"line":5,"column":1230},"end":{"line":5,"column":1254}},"53":{"start":{"line":5,"column":1254},"end":{"line":5,"column":1260}},"54":{"start":{"line":5,"column":1266},"end":{"line":5,"column":1292}}},"fnMap":{"0":{"name":"cov_40xm7itp8","decl":{"start":{"line":1,"column":9},"end":{"line":1,"column":22}},"loc":{"start":{"line":1,"column":24},"end":{"line":2,"column":73}},"line":1},"1":{"name":"(anonymous_1)","decl":{"start":{"line":2,"column":14},"end":{"line":2,"column":15}},"loc":{"start":{"line":2,"column":24},"end":{"line":2,"column":48}},"line":2},"2":{"name":"editpage","decl":{"start":{"line":2,"column":98},"end":{"line":2,"column":106}},"loc":{"start":{"line":2,"column":108},"end":{"line":2,"column":188}},"line":2},"3":{"name":"eod","decl":{"start":{"line":2,"column":197},"end":{"line":2,"column":200}},"loc":{"start":{"line":2,"column":202},"end":{"line":5,"column":1000}},"line":2},"4":{"name":"(anonymous_4)","decl":{"start":{"line":5,"column":234},"end":{"line":5,"column":235}},"loc":{"start":{"line":5,"column":244},"end":{"line":5,"column":959}},"line":5},"5":{"name":"confirmation","decl":{"start":{"line":5,"column":1009},"end":{"line":5,"column":1021}},"loc":{"start":{"line":5,"column":1023},"end":{"line":5,"column":1294}},"line":5}},"branchMap":{"0":{"loc":{"start":{"line":1,"column":2794},"end":{"line":1,"column":2823}},"type":"binary-expr","locations":[{"start":{"line":1,"column":2794},"end":{"line":1,"column":2805}},{"start":{"line":1,"column":2808},"end":{"line":1,"column":2822}}],"line":1},"1":{"loc":{"start":{"line":1,"column":2824},"end":{"line":1,"column":2901}},"type":"if","locations":[{"start":{"line":1,"column":2824},"end":{"line":1,"column":2901}},{"start":{"line":1,"column":2824},"end":{"line":1,"column":2901}}],"line":1},"2":{"loc":{"start":{"line":1,"column":2827},"end":{"line":1,"column":2870}},"type":"binary-expr","locations":[{"start":{"line":1,"column":2827},"end":{"line":1,"column":2842}},{"start":{"line":1,"column":2844},"end":{"line":1,"column":2870}}],"line":1},"3":{"loc":{"start":{"line":5,"column":356},"end":{"line":5,"column":634}},"type":"if","locations":[{"start":{"line":5,"column":356},"end":{"line":5,"column":634}},{"start":{"line":5,"column":356},"end":{"line":5,"column":634}}],"line":5},"4":{"loc":{"start":{"line":5,"column":658},"end":{"line":5,"column":958}},"type":"if","locations":[{"start":{"line":5,"column":658},"end":{"line":5,"column":958}},{"start":{"line":5,"column":658},"end":{"line":5,"column":958}}],"line":5},"5":{"loc":{"start":{"line":5,"column":1186},"end":{"line":5,"column":1293}},"type":"if","locations":[{"start":{"line":5,"column":1186},"end":{"line":5,"column":1293}},{"start":{"line":5,"column":1186},"end":{"line":5,"column":1293}}],"line":5}},"s":{"0":0,"1":0,"2":0,"3":0,"4":0,"5":0,"6":0,"7":0,"8":0,"9":0,"10":0,"11":0,"12":0,"13":0,"14":0,"15":0,"16":0,"17":0,"18":0,"19":0,"20":0,"21":0,"22":0,"23":0,"24":0,"25":0,"26":0,"27":0,"28":0,"29":0,"30":0,"31":0,"32":0,"33":0,"34":0,"35":0,"36":0,"37":0,"38":0,"39":0,"40":0,"41":0,"42":0,"43":0,"44":0,"45":0,"46":0,"47":0,"48":0,"49":0,"50":0,"51":0,"52":0,"53":0,"54":0},"f":{"0":0,"1":0,"2":0,"3":0,"4":0,"5":0},"b":{"0":[0,0],"1":[0,0],"2":[0,0],"3":[0,0],"4":[0,0],"5":[0,0]},"inputSourceMap":{"version":3,"names":["cov_40xm7itp8","actualCoverage","editpage","f","s","window","location","href","eod","response","todaydate","Date","toLocaleDateString","request","XMLHttpRequest","open","setRequestHeader","onload","JSON","parse","responseText","message","b","document","getElementById","innerHTML","setAttribute","send","confirmation","usercon","confirm"],"sources":["eod.js"],"sourcesContent":["function editpage() {\r\n    window.location.href = 'eod.html';\r\n}\r\nfunction eod(){\r\n    var response='';\r\n    var todaydate=new Date().toLocaleDateString('en-GB');\r\n   // const newday=formatDateForInput(todaydate)\r\n   // console.log(\"newday\",newday)\r\n   // console.log(todaydate)\r\n    var request=new XMLHttpRequest();\r\n    request.open('PUT','/eod',true);\r\n    request.setRequestHeader('Content-Type','application/json');\r\n\r\n    request.onload=function(){\r\n        \r\n        response =JSON.parse(request.responseText);\r\n        if(response.message=='End of day'){\r\n            document.getElementById(\"eodMessage\").innerHTML = 'End of day!';\r\n            document.getElementById(\"eodMessage\").setAttribute(\"class\", \"text-success\");\r\n           \r\n        }\r\n        if(response.message=='no on has timed in'){\r\n            document.getElementById(\"eodMessage\").innerHTML = 'No one has timed in yet !';\r\n            document.getElementById(\"eodMessage\").setAttribute(\"class\", \"text-danger\");\r\n           \r\n        }\r\n    };\r\n    request.send();\r\n}\r\nfunction confirmation(){\r\n   var usercon= window.confirm('Are you Sure? once changes are made, it cannot be reversed')\r\n    if (usercon==true)\r\n    eod()\r\nelse{\r\n    \r\n}\r\n    \r\n}\r\n"],"mappings":"w3FAeY;AAAAA,aAAA,SAAAA,CAAA,SAAAC,cAAA,WAAAA,cAAA,EAAAD,aAAA,GAfZ,QAAS,CAAAE,QAAQA,CAAA,CAAG,CAAAF,aAAA,GAAAG,CAAA,MAAAH,aAAA,GAAAI,CAAA,MAChBC,MAAM,CAACC,QAAQ,CAACC,IAAI,CAAG,UAAU,CACrC,CACA,QAAS,CAAAC,GAAGA,CAAA,CAAE,CAAAR,aAAA,GAAAG,CAAA,MACV,GAAI,CAAAM,QAAQ,EAAAT,aAAA,GAAAI,CAAA,MAAC,EAAE,EACf,GAAI,CAAAM,SAAS,EAAAV,aAAA,GAAAI,CAAA,MAAC,GAAI,CAAAO,IAAI,CAAC,CAAC,CAACC,kBAAkB,CAAC,OAAO,CAAC,EACrD;AACA;AACA;AACC,GAAI,CAAAC,OAAO,EAAAb,aAAA,GAAAI,CAAA,MAAC,GAAI,CAAAU,cAAc,CAAC,CAAC,EAACd,aAAA,GAAAI,CAAA,MACjCS,OAAO,CAACE,IAAI,CAAC,KAAK,CAAC,MAAM,CAAC,IAAI,CAAC,CAACf,aAAA,GAAAI,CAAA,MAChCS,OAAO,CAACG,gBAAgB,CAAC,cAAc,CAAC,kBAAkB,CAAC,CAAChB,aAAA,GAAAI,CAAA,MAE5DS,OAAO,CAACI,MAAM,CAAC,UAAU,CAAAjB,aAAA,GAAAG,CAAA,MAAAH,aAAA,GAAAI,CAAA,MAErBK,QAAQ,CAAES,IAAI,CAACC,KAAK,CAACN,OAAO,CAACO,YAAY,CAAC,CAACpB,aAAA,GAAAI,CAAA,MAC3C,GAAGK,QAAQ,CAACY,OAAO,EAAE,YAAY,CAAC,CAAArB,aAAA,GAAAsB,CAAA,SAAAtB,aAAA,GAAAI,CAAA,MAC9BmB,QAAQ,CAACC,cAAc,CAAC,YAAY,CAAC,CAACC,SAAS,CAAG,aAAa,CAACzB,aAAA,GAAAI,CAAA,OAChEmB,QAAQ,CAACC,cAAc,CAAC,YAAY,CAAC,CAACE,YAAY,CAAC,OAAO,CAAE,cAAc,CAAC,CAE/E,CAAC,KAAA1B,aAAA,GAAAsB,CAAA,UAAAtB,aAAA,GAAAI,CAAA,OACD,GAAGK,QAAQ,CAACY,OAAO,EAAE,oBAAoB,CAAC,CAAArB,aAAA,GAAAsB,CAAA,SAAAtB,aAAA,GAAAI,CAAA,OACtCmB,QAAQ,CAACC,cAAc,CAAC,YAAY,CAAC,CAACC,SAAS,CAAG,2BAA2B,CAACzB,aAAA,GAAAI,CAAA,OAC9EmB,QAAQ,CAACC,cAAc,CAAC,YAAY,CAAC,CAACE,YAAY,CAAC,OAAO,CAAE,aAAa,CAAC,CAE9E,CAAC,KAAA1B,aAAA,GAAAsB,CAAA,UACL,CAAC,CAACtB,aAAA,GAAAI,CAAA,OACFS,OAAO,CAACc,IAAI,CAAC,CAAC,CAClB,CACA,QAAS,CAAAC,YAAYA,CAAA,CAAE,CAAA5B,aAAA,GAAAG,CAAA,MACpB,GAAI,CAAA0B,OAAO,EAAA7B,aAAA,GAAAI,CAAA,OAAEC,MAAM,CAACyB,OAAO,CAAC,4DAA4D,CAAC,EAAA9B,aAAA,GAAAI,CAAA,OACxF,GAAIyB,OAAO,EAAE,IAAI,CACjB,CAAA7B,aAAA,GAAAsB,CAAA,SAAAtB,aAAA,GAAAI,CAAA,OAAAI,GAAG,CAAC,CAAC,CAAD,CAAC,IACL,CAAAR,aAAA,GAAAsB,CAAA,SAEJ,CAEA"},"all":true},"C:\\Users\\eacsa\\Documents\\DVOPS_Projects\\DVOPS-part1\\public\\instrumented\\js\\home.js":{"path":"C:\\Users\\eacsa\\Documents\\DVOPS_Projects\\DVOPS-part1\\public\\instrumented\\js\\home.js","statementMap":{"0":{"start":{"line":1,"column":35},"end":{"line":1,"column":114}},"1":{"start":{"line":1,"column":124},"end":{"line":1,"column":166}},"2":{"start":{"line":1,"column":178},"end":{"line":1,"column":207}},"3":{"start":{"line":1,"column":216},"end":{"line":1,"column":230}},"4":{"start":{"line":1,"column":248},"end":{"line":1,"column":21163}},"5":{"start":{"line":1,"column":21177},"end":{"line":1,"column":21206}},"6":{"start":{"line":1,"column":21207},"end":{"line":1,"column":21284}},"7":{"start":{"line":1,"column":21255},"end":{"line":1,"column":21283}},"8":{"start":{"line":1,"column":21303},"end":{"line":1,"column":21317}},"9":{"start":{"line":2,"column":0},"end":{"line":2,"column":50}},"10":{"start":{"line":2,"column":26},"end":{"line":2,"column":48}},"11":{"start":{"line":2,"column":51},"end":{"line":2,"column":73}},"12":{"start":{"line":2,"column":74},"end":{"line":2,"column":91}},"13":{"start":{"line":2,"column":111},"end":{"line":2,"column":135}},"14":{"start":{"line":2,"column":135},"end":{"line":2,"column":159}},"15":{"start":{"line":2,"column":159},"end":{"line":2,"column":192}},"16":{"start":{"line":2,"column":221},"end":{"line":2,"column":245}},"17":{"start":{"line":2,"column":245},"end":{"line":2,"column":269}},"18":{"start":{"line":2,"column":269},"end":{"line":2,"column":426}},"19":{"start":{"line":2,"column":281},"end":{"line":2,"column":308}},"20":{"start":{"line":2,"column":308},"end":{"line":2,"column":332}},"21":{"start":{"line":2,"column":332},"end":{"line":2,"column":361}},"22":{"start":{"line":2,"column":361},"end":{"line":2,"column":385}},"23":{"start":{"line":2,"column":385},"end":{"line":2,"column":392}},"24":{"start":{"line":2,"column":398},"end":{"line":2,"column":425}},"25":{"start":{"line":2,"column":426},"end":{"line":2,"column":450}},"26":{"start":{"line":2,"column":450},"end":{"line":2,"column":601}},"27":{"start":{"line":2,"column":509},"end":{"line":2,"column":536}},"28":{"start":{"line":2,"column":536},"end":{"line":2,"column":560}},"29":{"start":{"line":2,"column":560},"end":{"line":2,"column":567}},"30":{"start":{"line":2,"column":573},"end":{"line":2,"column":600}},"31":{"start":{"line":2,"column":614},"end":{"line":2,"column":658}},"32":{"start":{"line":2,"column":660},"end":{"line":2,"column":684}},"33":{"start":{"line":2,"column":684},"end":{"line":2,"column":735}},"34":{"start":{"line":2,"column":735},"end":{"line":2,"column":759}},"35":{"start":{"line":2,"column":759},"end":{"line":4,"column":85}},"36":{"start":{"line":2,"column":785},"end":{"line":2,"column":809}},"37":{"start":{"line":2,"column":823},"end":{"line":2,"column":879}},"38":{"start":{"line":2,"column":881},"end":{"line":2,"column":906}},"39":{"start":{"line":2,"column":906},"end":{"line":4,"column":83}},"40":{"start":{"line":2,"column":931},"end":{"line":2,"column":958}},"41":{"start":{"line":2,"column":958},"end":{"line":2,"column":983}},"42":{"start":{"line":2,"column":983},"end":{"line":2,"column":1007}},"43":{"start":{"line":3,"column":0},"end":{"line":3,"column":25}},"44":{"start":{"line":3,"column":25},"end":{"line":3,"column":38}},"45":{"start":{"line":4,"column":6},"end":{"line":4,"column":33}},"46":{"start":{"line":4,"column":33},"end":{"line":4,"column":58}},"47":{"start":{"line":4,"column":58},"end":{"line":4,"column":82}},"48":{"start":{"line":4,"column":85},"end":{"line":4,"column":110}},"49":{"start":{"line":4,"column":110},"end":{"line":4,"column":125}},"50":{"start":{"line":4,"column":146},"end":{"line":4,"column":170}},"51":{"start":{"line":4,"column":181},"end":{"line":4,"column":236}},"52":{"start":{"line":4,"column":238},"end":{"line":4,"column":263}},"53":{"start":{"line":4,"column":263},"end":{"line":4,"column":282}},"54":{"start":{"line":4,"column":282},"end":{"line":4,"column":307}},"55":{"start":{"line":4,"column":307},"end":{"line":4,"column":320}},"56":{"start":{"line":4,"column":345},"end":{"line":4,"column":369}},"57":{"start":{"line":4,"column":380},"end":{"line":4,"column":439}},"58":{"start":{"line":4,"column":441},"end":{"line":4,"column":466}},"59":{"start":{"line":4,"column":466},"end":{"line":4,"column":485}},"60":{"start":{"line":4,"column":485},"end":{"line":4,"column":510}},"61":{"start":{"line":4,"column":510},"end":{"line":4,"column":523}},"62":{"start":{"line":4,"column":540},"end":{"line":4,"column":564}},"63":{"start":{"line":4,"column":578},"end":{"line":4,"column":605}},"64":{"start":{"line":4,"column":617},"end":{"line":4,"column":652}},"65":{"start":{"line":4,"column":668},"end":{"line":4,"column":707}},"66":{"start":{"line":4,"column":722},"end":{"line":4,"column":767}},"67":{"start":{"line":4,"column":769},"end":{"line":4,"column":794}},"68":{"start":{"line":4,"column":794},"end":{"line":4,"column":847}},"69":{"start":{"line":4,"column":847},"end":{"line":4,"column":872}},"70":{"start":{"line":4,"column":872},"end":{"line":4,"column":932}},"71":{"start":{"line":4,"column":932},"end":{"line":4,"column":957}},"72":{"start":{"line":4,"column":957},"end":{"line":4,"column":1467}},"73":{"start":{"line":4,"column":983},"end":{"line":4,"column":1007}},"74":{"start":{"line":4,"column":1007},"end":{"line":4,"column":1032}},"75":{"start":{"line":4,"column":1032},"end":{"line":4,"column":1074}},"76":{"start":{"line":4,"column":1074},"end":{"line":4,"column":1099}},"77":{"start":{"line":4,"column":1099},"end":{"line":4,"column":1135}},"78":{"start":{"line":4,"column":1146},"end":{"line":4,"column":1179}},"79":{"start":{"line":4,"column":1195},"end":{"line":4,"column":1239}},"80":{"start":{"line":4,"column":1241},"end":{"line":4,"column":1266}},"81":{"start":{"line":4,"column":1266},"end":{"line":4,"column":1286}},"82":{"start":{"line":4,"column":1286},"end":{"line":4,"column":1311}},"83":{"start":{"line":4,"column":1311},"end":{"line":4,"column":1334}},"84":{"start":{"line":4,"column":1334},"end":{"line":4,"column":1359}},"85":{"start":{"line":4,"column":1359},"end":{"line":4,"column":1401}},"86":{"start":{"line":4,"column":1401},"end":{"line":4,"column":1426}},"87":{"start":{"line":4,"column":1426},"end":{"line":4,"column":1465}},"88":{"start":{"line":4,"column":1467},"end":{"line":4,"column":1492}},"89":{"start":{"line":4,"column":1492},"end":{"line":4,"column":1546}},"90":{"start":{"line":4,"column":1546},"end":{"line":4,"column":1571}},"91":{"start":{"line":4,"column":1571},"end":{"line":4,"column":1586}},"92":{"start":{"line":4,"column":1609},"end":{"line":4,"column":1633}},"93":{"start":{"line":4,"column":1647},"end":{"line":4,"column":1674}},"94":{"start":{"line":4,"column":1690},"end":{"line":4,"column":1727}},"95":{"start":{"line":4,"column":1729},"end":{"line":4,"column":1754}},"96":{"start":{"line":4,"column":1754},"end":{"line":4,"column":1806}},"97":{"start":{"line":4,"column":1806},"end":{"line":4,"column":1831}},"98":{"start":{"line":4,"column":1831},"end":{"line":4,"column":1891}},"99":{"start":{"line":4,"column":1891},"end":{"line":4,"column":1916}},"100":{"start":{"line":4,"column":1916},"end":{"line":4,"column":1970}},"101":{"start":{"line":4,"column":1970},"end":{"line":4,"column":1995}},"102":{"start":{"line":4,"column":1995},"end":{"line":4,"column":2047}},"103":{"start":{"line":4,"column":2047},"end":{"line":4,"column":2072}},"104":{"start":{"line":4,"column":2072},"end":{"line":4,"column":2130}},"105":{"start":{"line":4,"column":2130},"end":{"line":4,"column":2155}},"106":{"start":{"line":4,"column":2155},"end":{"line":4,"column":2592}},"107":{"start":{"line":4,"column":2306},"end":{"line":4,"column":2333}},"108":{"start":{"line":4,"column":2333},"end":{"line":4,"column":2358}},"109":{"start":{"line":4,"column":2358},"end":{"line":4,"column":2430}},"110":{"start":{"line":4,"column":2430},"end":{"line":4,"column":2455}},"111":{"start":{"line":4,"column":2455},"end":{"line":4,"column":2526}},"112":{"start":{"line":4,"column":2526},"end":{"line":4,"column":2551}},"113":{"start":{"line":4,"column":2551},"end":{"line":4,"column":2558}},"114":{"start":{"line":4,"column":2564},"end":{"line":4,"column":2591}},"115":{"start":{"line":4,"column":2605},"end":{"line":4,"column":2650}},"116":{"start":{"line":4,"column":2652},"end":{"line":4,"column":2677}},"117":{"start":{"line":4,"column":2677},"end":{"line":4,"column":2719}},"118":{"start":{"line":4,"column":2719},"end":{"line":4,"column":2744}},"119":{"start":{"line":4,"column":2744},"end":{"line":4,"column":2804}},"120":{"start":{"line":4,"column":2804},"end":{"line":4,"column":2829}},"121":{"start":{"line":4,"column":2829},"end":{"line":4,"column":3824}},"122":{"start":{"line":4,"column":2855},"end":{"line":4,"column":2879}},"123":{"start":{"line":4,"column":2879},"end":{"line":4,"column":2904}},"124":{"start":{"line":4,"column":2904},"end":{"line":4,"column":2946}},"125":{"start":{"line":4,"column":2946},"end":{"line":4,"column":2971}},"126":{"start":{"line":4,"column":2971},"end":{"line":4,"column":3822}},"127":{"start":{"line":4,"column":3003},"end":{"line":4,"column":3030}},"128":{"start":{"line":4,"column":3030},"end":{"line":4,"column":3055}},"129":{"start":{"line":4,"column":3055},"end":{"line":4,"column":3136}},"130":{"start":{"line":4,"column":3136},"end":{"line":4,"column":3161}},"131":{"start":{"line":4,"column":3161},"end":{"line":4,"column":3233}},"132":{"start":{"line":4,"column":3233},"end":{"line":4,"column":3258}},"133":{"start":{"line":4,"column":3258},"end":{"line":4,"column":3299}},"134":{"start":{"line":4,"column":3299},"end":{"line":4,"column":3324}},"135":{"start":{"line":4,"column":3324},"end":{"line":4,"column":3369}},"136":{"start":{"line":4,"column":3369},"end":{"line":4,"column":3394}},"137":{"start":{"line":4,"column":3394},"end":{"line":4,"column":3442}},"138":{"start":{"line":4,"column":3442},"end":{"line":4,"column":3467}},"139":{"start":{"line":4,"column":3467},"end":{"line":4,"column":3500}},"140":{"start":{"line":4,"column":3506},"end":{"line":4,"column":3533}},"141":{"start":{"line":4,"column":3533},"end":{"line":4,"column":3558}},"142":{"start":{"line":4,"column":3558},"end":{"line":4,"column":3629}},"143":{"start":{"line":4,"column":3629},"end":{"line":4,"column":3654}},"144":{"start":{"line":4,"column":3654},"end":{"line":4,"column":3725}},"145":{"start":{"line":4,"column":3725},"end":{"line":4,"column":3750}},"146":{"start":{"line":4,"column":3750},"end":{"line":4,"column":3821}},"147":{"start":{"line":4,"column":3824},"end":{"line":4,"column":3849}},"148":{"start":{"line":4,"column":3849},"end":{"line":4,"column":3888}},"149":{"start":{"line":4,"column":3912},"end":{"line":4,"column":3936}},"150":{"start":{"line":4,"column":3946},"end":{"line":4,"column":3973}},"151":{"start":{"line":4,"column":3985},"end":{"line":4,"column":4037}},"152":{"start":{"line":4,"column":4039},"end":{"line":4,"column":4064}},"153":{"start":{"line":4,"column":4064},"end":{"line":4,"column":4537}},"154":{"start":{"line":4,"column":4091},"end":{"line":4,"column":4116}},"155":{"start":{"line":4,"column":4127},"end":{"line":4,"column":4179}},"156":{"start":{"line":4,"column":4181},"end":{"line":4,"column":4206}},"157":{"start":{"line":4,"column":4206},"end":{"line":4,"column":4534}},"158":{"start":{"line":4,"column":4226},"end":{"line":4,"column":4253}},"159":{"start":{"line":4,"column":4253},"end":{"line":4,"column":4278}},"160":{"start":{"line":4,"column":4278},"end":{"line":4,"column":4293}},"161":{"start":{"line":4,"column":4293},"end":{"line":4,"column":4318}},"162":{"start":{"line":4,"column":4318},"end":{"line":4,"column":4404}},"163":{"start":{"line":4,"column":4329},"end":{"line":4,"column":4355}},"164":{"start":{"line":4,"column":4368},"end":{"line":4,"column":4393}},"165":{"start":{"line":4,"column":4393},"end":{"line":4,"column":4403}},"166":{"start":{"line":4,"column":4404},"end":{"line":4,"column":4429}},"167":{"start":{"line":4,"column":4429},"end":{"line":4,"column":4447}},"168":{"start":{"line":4,"column":4453},"end":{"line":4,"column":4480}},"169":{"start":{"line":4,"column":4480},"end":{"line":4,"column":4505}},"170":{"start":{"line":4,"column":4505},"end":{"line":4,"column":4533}},"171":{"start":{"line":4,"column":4560},"end":{"line":4,"column":4585}},"172":{"start":{"line":4,"column":4599},"end":{"line":4,"column":4626}},"173":{"start":{"line":4,"column":4641},"end":{"line":4,"column":4686}},"174":{"start":{"line":4,"column":4688},"end":{"line":4,"column":4713}},"175":{"start":{"line":4,"column":4713},"end":{"line":4,"column":4753}},"176":{"start":{"line":4,"column":4753},"end":{"line":4,"column":4778}},"177":{"start":{"line":4,"column":4778},"end":{"line":4,"column":4838}},"178":{"start":{"line":4,"column":4838},"end":{"line":4,"column":4863}},"179":{"start":{"line":4,"column":4863},"end":{"line":9,"column":100}},"180":{"start":{"line":4,"column":4889},"end":{"line":4,"column":4914}},"181":{"start":{"line":4,"column":4914},"end":{"line":4,"column":4939}},"182":{"start":{"line":4,"column":4939},"end":{"line":4,"column":4981}},"183":{"start":{"line":5,"column":10},"end":{"line":5,"column":37}},"184":{"start":{"line":5,"column":39},"end":{"line":5,"column":64}},"185":{"start":{"line":5,"column":64},"end":{"line":9,"column":18}},"186":{"start":{"line":5,"column":75},"end":{"line":5,"column":101}},"187":{"start":{"line":5,"column":126},"end":{"line":5,"column":151}},"188":{"start":{"line":5,"column":151},"end":{"line":9,"column":17}},"189":{"start":{"line":5,"column":176},"end":{"line":5,"column":203}},"190":{"start":{"line":5,"column":203},"end":{"line":5,"column":228}},"191":{"start":{"line":5,"column":228},"end":{"line":5,"column":237}},"192":{"start":{"line":6,"column":6},"end":{"line":6,"column":33}},"193":{"start":{"line":6,"column":33},"end":{"line":6,"column":58}},"194":{"start":{"line":6,"column":58},"end":{"line":9,"column":16}},"195":{"start":{"line":9,"column":18},"end":{"line":9,"column":43}},"196":{"start":{"line":9,"column":43},"end":{"line":9,"column":98}},"197":{"start":{"line":9,"column":100},"end":{"line":9,"column":125}},"198":{"start":{"line":9,"column":125},"end":{"line":9,"column":140}},"199":{"start":{"line":9,"column":167},"end":{"line":9,"column":192}},"200":{"start":{"line":9,"column":206},"end":{"line":9,"column":233}},"201":{"start":{"line":9,"column":248},"end":{"line":9,"column":293}},"202":{"start":{"line":9,"column":295},"end":{"line":9,"column":320}},"203":{"start":{"line":9,"column":320},"end":{"line":9,"column":360}},"204":{"start":{"line":9,"column":360},"end":{"line":9,"column":385}},"205":{"start":{"line":9,"column":385},"end":{"line":9,"column":445}},"206":{"start":{"line":9,"column":445},"end":{"line":9,"column":470}},"207":{"start":{"line":9,"column":470},"end":{"line":10,"column":586}},"208":{"start":{"line":9,"column":496},"end":{"line":9,"column":521}},"209":{"start":{"line":9,"column":521},"end":{"line":9,"column":546}},"210":{"start":{"line":9,"column":546},"end":{"line":9,"column":588}},"211":{"start":{"line":9,"column":588},"end":{"line":9,"column":613}},"212":{"start":{"line":9,"column":613},"end":{"line":9,"column":635}},"213":{"start":{"line":9,"column":645},"end":{"line":9,"column":672}},"214":{"start":{"line":9,"column":674},"end":{"line":9,"column":699}},"215":{"start":{"line":9,"column":699},"end":{"line":10,"column":503}},"216":{"start":{"line":9,"column":710},"end":{"line":9,"column":736}},"217":{"start":{"line":9,"column":761},"end":{"line":9,"column":787}},"218":{"start":{"line":9,"column":787},"end":{"line":10,"column":502}},"219":{"start":{"line":9,"column":812},"end":{"line":9,"column":839}},"220":{"start":{"line":9,"column":839},"end":{"line":9,"column":865}},"221":{"start":{"line":9,"column":865},"end":{"line":9,"column":874}},"222":{"start":{"line":10,"column":6},"end":{"line":10,"column":33}},"223":{"start":{"line":10,"column":33},"end":{"line":10,"column":59}},"224":{"start":{"line":10,"column":59},"end":{"line":10,"column":501}},"225":{"start":{"line":10,"column":503},"end":{"line":10,"column":529}},"226":{"start":{"line":10,"column":529},"end":{"line":10,"column":584}},"227":{"start":{"line":10,"column":586},"end":{"line":10,"column":612}},"228":{"start":{"line":10,"column":612},"end":{"line":10,"column":627}},"229":{"start":{"line":43,"column":42},"end":{"line":43,"column":67}},"230":{"start":{"line":43,"column":67},"end":{"line":43,"column":93}},"231":{"start":{"line":44,"column":0},"end":{"line":44,"column":190}},"232":{"start":{"line":44,"column":31},"end":{"line":44,"column":58}},"233":{"start":{"line":44,"column":58},"end":{"line":44,"column":84}},"234":{"start":{"line":44,"column":84},"end":{"line":44,"column":121}},"235":{"start":{"line":44,"column":121},"end":{"line":44,"column":147}},"236":{"start":{"line":44,"column":147},"end":{"line":44,"column":156}},"237":{"start":{"line":44,"column":162},"end":{"line":44,"column":189}},"238":{"start":{"line":45,"column":13},"end":{"line":45,"column":60}},"239":{"start":{"line":46,"column":0},"end":{"line":46,"column":26}},"240":{"start":{"line":46,"column":26},"end":{"line":47,"column":206}},"241":{"start":{"line":46,"column":47},"end":{"line":46,"column":75}},"242":{"start":{"line":46,"column":75},"end":{"line":46,"column":101}},"243":{"start":{"line":47,"column":0},"end":{"line":47,"column":61}},"244":{"start":{"line":47,"column":67},"end":{"line":47,"column":95}},"245":{"start":{"line":47,"column":95},"end":{"line":47,"column":121}},"246":{"start":{"line":47,"column":121},"end":{"line":47,"column":170}},"247":{"start":{"line":47,"column":170},"end":{"line":47,"column":196}},"248":{"start":{"line":47,"column":196},"end":{"line":47,"column":205}},"249":{"start":{"line":47,"column":247},"end":{"line":47,"column":272}},"250":{"start":{"line":47,"column":272},"end":{"line":47,"column":298}},"251":{"start":{"line":48,"column":0},"end":{"line":48,"column":173}},"252":{"start":{"line":48,"column":31},"end":{"line":48,"column":59}},"253":{"start":{"line":48,"column":59},"end":{"line":48,"column":85}},"254":{"start":{"line":48,"column":85},"end":{"line":48,"column":103}},"255":{"start":{"line":48,"column":103},"end":{"line":48,"column":129}},"256":{"start":{"line":48,"column":129},"end":{"line":48,"column":138}},"257":{"start":{"line":48,"column":144},"end":{"line":48,"column":172}},"258":{"start":{"line":48,"column":186},"end":{"line":48,"column":233}},"259":{"start":{"line":48,"column":235},"end":{"line":48,"column":261}},"260":{"start":{"line":48,"column":261},"end":{"line":49,"column":197}},"261":{"start":{"line":48,"column":282},"end":{"line":48,"column":310}},"262":{"start":{"line":49,"column":21},"end":{"line":49,"column":113}},"263":{"start":{"line":49,"column":115},"end":{"line":49,"column":141}},"264":{"start":{"line":49,"column":141},"end":{"line":49,"column":162}},"265":{"start":{"line":49,"column":168},"end":{"line":49,"column":196}},"266":{"start":{"line":49,"column":225},"end":{"line":49,"column":250}},"267":{"start":{"line":49,"column":271},"end":{"line":49,"column":313}},"268":{"start":{"line":51,"column":0},"end":{"line":51,"column":26}},"269":{"start":{"line":51,"column":26},"end":{"line":51,"column":89}},"270":{"start":{"line":51,"column":89},"end":{"line":51,"column":115}},"271":{"start":{"line":51,"column":115},"end":{"line":51,"column":186}},"272":{"start":{"line":51,"column":186},"end":{"line":51,"column":212}},"273":{"start":{"line":51,"column":212},"end":{"line":51,"column":277}},"274":{"start":{"line":51,"column":277},"end":{"line":51,"column":303}},"275":{"start":{"line":51,"column":303},"end":{"line":51,"column":633}},"276":{"start":{"line":51,"column":328},"end":{"line":51,"column":356}},"277":{"start":{"line":51,"column":377},"end":{"line":51,"column":443}},"278":{"start":{"line":51,"column":445},"end":{"line":51,"column":471}},"279":{"start":{"line":51,"column":471},"end":{"line":51,"column":527}},"280":{"start":{"line":51,"column":533},"end":{"line":51,"column":561}},"281":{"start":{"line":51,"column":561},"end":{"line":51,"column":587}},"282":{"start":{"line":51,"column":587},"end":{"line":51,"column":632}},"283":{"start":{"line":51,"column":633},"end":{"line":51,"column":659}},"284":{"start":{"line":51,"column":659},"end":{"line":51,"column":1001}},"285":{"start":{"line":51,"column":687},"end":{"line":51,"column":715}},"286":{"start":{"line":51,"column":736},"end":{"line":51,"column":805}},"287":{"start":{"line":51,"column":807},"end":{"line":51,"column":833}},"288":{"start":{"line":51,"column":833},"end":{"line":51,"column":892}},"289":{"start":{"line":51,"column":898},"end":{"line":51,"column":926}},"290":{"start":{"line":51,"column":926},"end":{"line":51,"column":952}},"291":{"start":{"line":51,"column":952},"end":{"line":51,"column":1000}},"292":{"start":{"line":53,"column":0},"end":{"line":53,"column":26}},"293":{"start":{"line":53,"column":26},"end":{"line":53,"column":132}},"294":{"start":{"line":53,"column":132},"end":{"line":53,"column":158}},"295":{"start":{"line":53,"column":158},"end":{"line":53,"column":195}},"296":{"start":{"line":53,"column":223},"end":{"line":53,"column":248}},"297":{"start":{"line":54,"column":14},"end":{"line":54,"column":42}},"298":{"start":{"line":55,"column":14},"end":{"line":55,"column":52}},"299":{"start":{"line":55,"column":54},"end":{"line":55,"column":80}},"300":{"start":{"line":55,"column":80},"end":{"line":55,"column":136}},"301":{"start":{"line":55,"column":136},"end":{"line":55,"column":162}},"302":{"start":{"line":55,"column":162},"end":{"line":55,"column":226}},"303":{"start":{"line":55,"column":226},"end":{"line":55,"column":252}},"304":{"start":{"line":55,"column":252},"end":{"line":55,"column":310}},"305":{"start":{"line":55,"column":310},"end":{"line":55,"column":336}},"306":{"start":{"line":55,"column":336},"end":{"line":55,"column":392}},"307":{"start":{"line":55,"column":392},"end":{"line":55,"column":418}},"308":{"start":{"line":55,"column":418},"end":{"line":55,"column":480}},"309":{"start":{"line":57,"column":18},"end":{"line":57,"column":60}},"310":{"start":{"line":59,"column":0},"end":{"line":59,"column":26}},"311":{"start":{"line":59,"column":26},"end":{"line":62,"column":89}},"312":{"start":{"line":59,"column":129},"end":{"line":59,"column":157}},"313":{"start":{"line":59,"column":173},"end":{"line":59,"column":233}},"314":{"start":{"line":60,"column":18},"end":{"line":60,"column":143}},"315":{"start":{"line":62,"column":0},"end":{"line":62,"column":26}},"316":{"start":{"line":62,"column":26},"end":{"line":62,"column":54}},"317":{"start":{"line":62,"column":60},"end":{"line":62,"column":88}},"318":{"start":{"line":62,"column":89},"end":{"line":62,"column":115}},"319":{"start":{"line":62,"column":115},"end":{"line":62,"column":157}},"320":{"start":{"line":63,"column":18},"end":{"line":63,"column":57}},"321":{"start":{"line":65,"column":0},"end":{"line":65,"column":26}},"322":{"start":{"line":65,"column":26},"end":{"line":68,"column":86}},"323":{"start":{"line":65,"column":46},"end":{"line":65,"column":74}},"324":{"start":{"line":65,"column":90},"end":{"line":65,"column":136}},"325":{"start":{"line":66,"column":18},"end":{"line":66,"column":80}},"326":{"start":{"line":68,"column":0},"end":{"line":68,"column":26}},"327":{"start":{"line":68,"column":26},"end":{"line":68,"column":51}},"328":{"start":{"line":68,"column":57},"end":{"line":68,"column":85}},"329":{"start":{"line":68,"column":86},"end":{"line":68,"column":112}},"330":{"start":{"line":68,"column":112},"end":{"line":68,"column":2077}},"331":{"start":{"line":68,"column":134},"end":{"line":68,"column":162}},"332":{"start":{"line":68,"column":162},"end":{"line":68,"column":188}},"333":{"start":{"line":68,"column":188},"end":{"line":68,"column":258}},"334":{"start":{"line":68,"column":258},"end":{"line":68,"column":284}},"335":{"start":{"line":68,"column":284},"end":{"line":68,"column":359}},"336":{"start":{"line":68,"column":359},"end":{"line":68,"column":385}},"337":{"start":{"line":68,"column":385},"end":{"line":68,"column":392}},"338":{"start":{"line":68,"column":398},"end":{"line":68,"column":426}},"339":{"start":{"line":68,"column":426},"end":{"line":68,"column":452}},"340":{"start":{"line":68,"column":452},"end":{"line":68,"column":2076}},"341":{"start":{"line":68,"column":478},"end":{"line":68,"column":506}},"342":{"start":{"line":68,"column":506},"end":{"line":68,"column":532}},"343":{"start":{"line":68,"column":532},"end":{"line":68,"column":606}},"344":{"start":{"line":68,"column":606},"end":{"line":68,"column":632}},"345":{"start":{"line":68,"column":632},"end":{"line":68,"column":707}},"346":{"start":{"line":68,"column":707},"end":{"line":68,"column":733}},"347":{"start":{"line":68,"column":733},"end":{"line":68,"column":740}},"348":{"start":{"line":68,"column":746},"end":{"line":68,"column":774}},"349":{"start":{"line":68,"column":774},"end":{"line":68,"column":800}},"350":{"start":{"line":68,"column":800},"end":{"line":68,"column":2075}},"351":{"start":{"line":68,"column":822},"end":{"line":68,"column":850}},"352":{"start":{"line":68,"column":850},"end":{"line":68,"column":876}},"353":{"start":{"line":68,"column":876},"end":{"line":68,"column":955}},"354":{"start":{"line":68,"column":955},"end":{"line":68,"column":981}},"355":{"start":{"line":68,"column":981},"end":{"line":68,"column":1056}},"356":{"start":{"line":68,"column":1056},"end":{"line":68,"column":1082}},"357":{"start":{"line":68,"column":1082},"end":{"line":68,"column":1089}},"358":{"start":{"line":68,"column":1095},"end":{"line":68,"column":1123}},"359":{"start":{"line":68,"column":1123},"end":{"line":68,"column":1149}},"360":{"start":{"line":68,"column":1149},"end":{"line":68,"column":2074}},"361":{"start":{"line":68,"column":1186},"end":{"line":68,"column":1214}},"362":{"start":{"line":68,"column":1214},"end":{"line":68,"column":1240}},"363":{"start":{"line":68,"column":1240},"end":{"line":68,"column":1316}},"364":{"start":{"line":68,"column":1316},"end":{"line":68,"column":1342}},"365":{"start":{"line":68,"column":1342},"end":{"line":68,"column":1417}},"366":{"start":{"line":68,"column":1417},"end":{"line":68,"column":1443}},"367":{"start":{"line":68,"column":1443},"end":{"line":68,"column":1450}},"368":{"start":{"line":68,"column":1456},"end":{"line":68,"column":1484}},"369":{"start":{"line":68,"column":1484},"end":{"line":68,"column":1510}},"370":{"start":{"line":68,"column":1510},"end":{"line":68,"column":2073}},"371":{"start":{"line":68,"column":1774},"end":{"line":68,"column":1802}},"372":{"start":{"line":68,"column":1802},"end":{"line":68,"column":1828}},"373":{"start":{"line":68,"column":1828},"end":{"line":68,"column":1904}},"374":{"start":{"line":68,"column":1904},"end":{"line":68,"column":1930}},"375":{"start":{"line":68,"column":1930},"end":{"line":68,"column":2005}},"376":{"start":{"line":68,"column":2005},"end":{"line":68,"column":2031}},"377":{"start":{"line":68,"column":2031},"end":{"line":68,"column":2038}},"378":{"start":{"line":68,"column":2044},"end":{"line":68,"column":2072}},"379":{"start":{"line":68,"column":2090},"end":{"line":68,"column":2136}},"380":{"start":{"line":68,"column":2138},"end":{"line":68,"column":2164}},"381":{"start":{"line":68,"column":2164},"end":{"line":68,"column":2209}},"382":{"start":{"line":68,"column":2209},"end":{"line":68,"column":2235}},"383":{"start":{"line":68,"column":2235},"end":{"line":68,"column":2295}},"384":{"start":{"line":68,"column":2295},"end":{"line":68,"column":2321}},"385":{"start":{"line":68,"column":2321},"end":{"line":68,"column":3180}},"386":{"start":{"line":68,"column":2347},"end":{"line":68,"column":2372}},"387":{"start":{"line":68,"column":2372},"end":{"line":68,"column":2398}},"388":{"start":{"line":68,"column":2398},"end":{"line":68,"column":2440}},"389":{"start":{"line":68,"column":2440},"end":{"line":68,"column":2466}},"390":{"start":{"line":68,"column":2466},"end":{"line":68,"column":3178}},"391":{"start":{"line":68,"column":2521},"end":{"line":68,"column":2549}},"392":{"start":{"line":68,"column":2549},"end":{"line":68,"column":2575}},"393":{"start":{"line":68,"column":2575},"end":{"line":68,"column":2661}},"394":{"start":{"line":68,"column":2661},"end":{"line":68,"column":2687}},"395":{"start":{"line":68,"column":2687},"end":{"line":68,"column":2763}},"396":{"start":{"line":68,"column":2763},"end":{"line":68,"column":2789}},"397":{"start":{"line":68,"column":2789},"end":{"line":68,"column":2822}},"398":{"start":{"line":68,"column":2822},"end":{"line":68,"column":2848}},"399":{"start":{"line":68,"column":2848},"end":{"line":68,"column":2878}},"400":{"start":{"line":68,"column":2884},"end":{"line":68,"column":2912}},"401":{"start":{"line":68,"column":2912},"end":{"line":68,"column":2938}},"402":{"start":{"line":68,"column":2938},"end":{"line":68,"column":2970}},"403":{"start":{"line":68,"column":2970},"end":{"line":68,"column":2996}},"404":{"start":{"line":68,"column":2996},"end":{"line":68,"column":3076}},"405":{"start":{"line":68,"column":3076},"end":{"line":68,"column":3102}},"406":{"start":{"line":68,"column":3102},"end":{"line":68,"column":3177}},"407":{"start":{"line":68,"column":3180},"end":{"line":68,"column":3206}},"408":{"start":{"line":68,"column":3206},"end":{"line":68,"column":3245}}},"fnMap":{"0":{"name":"cov_158vqtudcx","decl":{"start":{"line":1,"column":9},"end":{"line":1,"column":23}},"loc":{"start":{"line":1,"column":25},"end":{"line":2,"column":74}},"line":1},"1":{"name":"(anonymous_1)","decl":{"start":{"line":2,"column":15},"end":{"line":2,"column":16}},"loc":{"start":{"line":2,"column":25},"end":{"line":2,"column":49}},"line":2},"2":{"name":"homePage","decl":{"start":{"line":2,"column":100},"end":{"line":2,"column":108}},"loc":{"start":{"line":2,"column":110},"end":{"line":2,"column":193}},"line":2},"3":{"name":"deleteUser","decl":{"start":{"line":2,"column":202},"end":{"line":2,"column":212}},"loc":{"start":{"line":2,"column":220},"end":{"line":4,"column":126}},"line":2},"4":{"name":"(anonymous_4)","decl":{"start":{"line":2,"column":774},"end":{"line":2,"column":775}},"loc":{"start":{"line":2,"column":784},"end":{"line":4,"column":84}},"line":2},"5":{"name":"callname","decl":{"start":{"line":4,"column":135},"end":{"line":4,"column":143}},"loc":{"start":{"line":4,"column":145},"end":{"line":4,"column":321}},"line":4},"6":{"name":"callpassword","decl":{"start":{"line":4,"column":330},"end":{"line":4,"column":342}},"loc":{"start":{"line":4,"column":344},"end":{"line":4,"column":524}},"line":4},"7":{"name":"call","decl":{"start":{"line":4,"column":533},"end":{"line":4,"column":537}},"loc":{"start":{"line":4,"column":539},"end":{"line":4,"column":1587}},"line":4},"8":{"name":"(anonymous_8)","decl":{"start":{"line":4,"column":972},"end":{"line":4,"column":973}},"loc":{"start":{"line":4,"column":982},"end":{"line":4,"column":1466}},"line":4},"9":{"name":"addProfile","decl":{"start":{"line":4,"column":1596},"end":{"line":4,"column":1606}},"loc":{"start":{"line":4,"column":1608},"end":{"line":4,"column":3889}},"line":4},"10":{"name":"(anonymous_10)","decl":{"start":{"line":4,"column":2844},"end":{"line":4,"column":2845}},"loc":{"start":{"line":4,"column":2854},"end":{"line":4,"column":3823}},"line":4},"11":{"name":"callsession","decl":{"start":{"line":4,"column":3898},"end":{"line":4,"column":3909}},"loc":{"start":{"line":4,"column":3911},"end":{"line":4,"column":4538}},"line":4},"12":{"name":"(anonymous_12)","decl":{"start":{"line":4,"column":4077},"end":{"line":4,"column":4078}},"loc":{"start":{"line":4,"column":4090},"end":{"line":4,"column":4535}},"line":4},"13":{"name":"GetProfile","decl":{"start":{"line":4,"column":4547},"end":{"line":4,"column":4557}},"loc":{"start":{"line":4,"column":4559},"end":{"line":9,"column":141}},"line":4},"14":{"name":"(anonymous_14)","decl":{"start":{"line":4,"column":4878},"end":{"line":4,"column":4879}},"loc":{"start":{"line":4,"column":4888},"end":{"line":9,"column":99}},"line":4},"15":{"name":"GetProfileEdit","decl":{"start":{"line":9,"column":150},"end":{"line":9,"column":164}},"loc":{"start":{"line":9,"column":166},"end":{"line":10,"column":628}},"line":9},"16":{"name":"(anonymous_16)","decl":{"start":{"line":9,"column":485},"end":{"line":9,"column":486}},"loc":{"start":{"line":9,"column":495},"end":{"line":10,"column":585}},"line":9},"17":{"name":"formatTimeForInput","decl":{"start":{"line":43,"column":11},"end":{"line":43,"column":29}},"loc":{"start":{"line":43,"column":41},"end":{"line":47,"column":207}},"line":43},"18":{"name":"formatDateForInput","decl":{"start":{"line":47,"column":216},"end":{"line":47,"column":234}},"loc":{"start":{"line":47,"column":246},"end":{"line":49,"column":198}},"line":47},"19":{"name":"editProfile","decl":{"start":{"line":49,"column":207},"end":{"line":49,"column":218}},"loc":{"start":{"line":49,"column":224},"end":{"line":53,"column":196}},"line":49},"20":{"name":"updateProfile","decl":{"start":{"line":53,"column":205},"end":{"line":53,"column":218}},"loc":{"start":{"line":53,"column":222},"end":{"line":68,"column":3246}},"line":53},"21":{"name":"(anonymous_21)","decl":{"start":{"line":68,"column":2336},"end":{"line":68,"column":2337}},"loc":{"start":{"line":68,"column":2346},"end":{"line":68,"column":3179}},"line":68}},"branchMap":{"0":{"loc":{"start":{"line":1,"column":21177},"end":{"line":1,"column":21206}},"type":"binary-expr","locations":[{"start":{"line":1,"column":21177},"end":{"line":1,"column":21188}},{"start":{"line":1,"column":21191},"end":{"line":1,"column":21205}}],"line":1},"1":{"loc":{"start":{"line":1,"column":21207},"end":{"line":1,"column":21284}},"type":"if","locations":[{"start":{"line":1,"column":21207},"end":{"line":1,"column":21284}},{"start":{"line":1,"column":21207},"end":{"line":1,"column":21284}}],"line":1},"2":{"loc":{"start":{"line":1,"column":21210},"end":{"line":1,"column":21253}},"type":"binary-expr","locations":[{"start":{"line":1,"column":21210},"end":{"line":1,"column":21225}},{"start":{"line":1,"column":21227},"end":{"line":1,"column":21253}}],"line":1},"3":{"loc":{"start":{"line":2,"column":269},"end":{"line":2,"column":426}},"type":"if","locations":[{"start":{"line":2,"column":269},"end":{"line":2,"column":426}},{"start":{"line":2,"column":269},"end":{"line":2,"column":426}}],"line":2},"4":{"loc":{"start":{"line":2,"column":450},"end":{"line":2,"column":601}},"type":"if","locations":[{"start":{"line":2,"column":450},"end":{"line":2,"column":601}},{"start":{"line":2,"column":450},"end":{"line":2,"column":601}}],"line":2},"5":{"loc":{"start":{"line":2,"column":906},"end":{"line":4,"column":83}},"type":"if","locations":[{"start":{"line":2,"column":906},"end":{"line":4,"column":83}},{"start":{"line":2,"column":906},"end":{"line":4,"column":83}}],"line":2},"6":{"loc":{"start":{"line":4,"column":2155},"end":{"line":4,"column":2592}},"type":"if","locations":[{"start":{"line":4,"column":2155},"end":{"line":4,"column":2592}},{"start":{"line":4,"column":2155},"end":{"line":4,"column":2592}}],"line":4},"7":{"loc":{"start":{"line":4,"column":2158},"end":{"line":4,"column":2304}},"type":"binary-expr","locations":[{"start":{"line":4,"column":2159},"end":{"line":4,"column":2203}},{"start":{"line":4,"column":2207},"end":{"line":4,"column":2255}},{"start":{"line":4,"column":2259},"end":{"line":4,"column":2303}}],"line":4},"8":{"loc":{"start":{"line":4,"column":2971},"end":{"line":4,"column":3822}},"type":"if","locations":[{"start":{"line":4,"column":2971},"end":{"line":4,"column":3822}},{"start":{"line":4,"column":2971},"end":{"line":4,"column":3822}}],"line":4},"9":{"loc":{"start":{"line":4,"column":4206},"end":{"line":4,"column":4534}},"type":"if","locations":[{"start":{"line":4,"column":4206},"end":{"line":4,"column":4534}},{"start":{"line":4,"column":4206},"end":{"line":4,"column":4534}}],"line":4},"10":{"loc":{"start":{"line":5,"column":151},"end":{"line":9,"column":17}},"type":"if","locations":[{"start":{"line":5,"column":151},"end":{"line":9,"column":17}},{"start":{"line":5,"column":151},"end":{"line":9,"column":17}}],"line":5},"11":{"loc":{"start":{"line":9,"column":787},"end":{"line":10,"column":502}},"type":"if","locations":[{"start":{"line":9,"column":787},"end":{"line":10,"column":502}},{"start":{"line":9,"column":787},"end":{"line":10,"column":502}}],"line":9},"12":{"loc":{"start":{"line":44,"column":0},"end":{"line":44,"column":190}},"type":"if","locations":[{"start":{"line":44,"column":0},"end":{"line":44,"column":190}},{"start":{"line":44,"column":0},"end":{"line":44,"column":190}}],"line":44},"13":{"loc":{"start":{"line":46,"column":26},"end":{"line":47,"column":206}},"type":"if","locations":[{"start":{"line":46,"column":26},"end":{"line":47,"column":206}},{"start":{"line":46,"column":26},"end":{"line":47,"column":206}}],"line":46},"14":{"loc":{"start":{"line":48,"column":0},"end":{"line":48,"column":173}},"type":"if","locations":[{"start":{"line":48,"column":0},"end":{"line":48,"column":173}},{"start":{"line":48,"column":0},"end":{"line":48,"column":173}}],"line":48},"15":{"loc":{"start":{"line":48,"column":261},"end":{"line":49,"column":197}},"type":"if","locations":[{"start":{"line":48,"column":261},"end":{"line":49,"column":197}},{"start":{"line":48,"column":261},"end":{"line":49,"column":197}}],"line":48},"16":{"loc":{"start":{"line":51,"column":303},"end":{"line":51,"column":633}},"type":"if","locations":[{"start":{"line":51,"column":303},"end":{"line":51,"column":633}},{"start":{"line":51,"column":303},"end":{"line":51,"column":633}}],"line":51},"17":{"loc":{"start":{"line":51,"column":659},"end":{"line":51,"column":1001}},"type":"if","locations":[{"start":{"line":51,"column":659},"end":{"line":51,"column":1001}},{"start":{"line":51,"column":659},"end":{"line":51,"column":1001}}],"line":51},"18":{"loc":{"start":{"line":59,"column":26},"end":{"line":62,"column":89}},"type":"if","locations":[{"start":{"line":59,"column":26},"end":{"line":62,"column":89}},{"start":{"line":59,"column":26},"end":{"line":62,"column":89}}],"line":59},"19":{"loc":{"start":{"line":59,"column":29},"end":{"line":59,"column":127}},"type":"binary-expr","locations":[{"start":{"line":59,"column":30},"end":{"line":59,"column":73}},{"start":{"line":59,"column":77},"end":{"line":59,"column":126}}],"line":59},"20":{"loc":{"start":{"line":65,"column":26},"end":{"line":68,"column":86}},"type":"if","locations":[{"start":{"line":65,"column":26},"end":{"line":68,"column":86}},{"start":{"line":65,"column":26},"end":{"line":68,"column":86}}],"line":65},"21":{"loc":{"start":{"line":68,"column":112},"end":{"line":68,"column":2077}},"type":"if","locations":[{"start":{"line":68,"column":112},"end":{"line":68,"column":2077}},{"start":{"line":68,"column":112},"end":{"line":68,"column":2077}}],"line":68},"22":{"loc":{"start":{"line":68,"column":452},"end":{"line":68,"column":2076}},"type":"if","locations":[{"start":{"line":68,"column":452},"end":{"line":68,"column":2076}},{"start":{"line":68,"column":452},"end":{"line":68,"column":2076}}],"line":68},"23":{"loc":{"start":{"line":68,"column":800},"end":{"line":68,"column":2075}},"type":"if","locations":[{"start":{"line":68,"column":800},"end":{"line":68,"column":2075}},{"start":{"line":68,"column":800},"end":{"line":68,"column":2075}}],"line":68},"24":{"loc":{"start":{"line":68,"column":1149},"end":{"line":68,"column":2074}},"type":"if","locations":[{"start":{"line":68,"column":1149},"end":{"line":68,"column":2074}},{"start":{"line":68,"column":1149},"end":{"line":68,"column":2074}}],"line":68},"25":{"loc":{"start":{"line":68,"column":1510},"end":{"line":68,"column":2073}},"type":"if","locations":[{"start":{"line":68,"column":1510},"end":{"line":68,"column":2073}},{"start":{"line":68,"column":1510},"end":{"line":68,"column":2073}}],"line":68},"26":{"loc":{"start":{"line":68,"column":1513},"end":{"line":68,"column":1772}},"type":"binary-expr","locations":[{"start":{"line":68,"column":1514},"end":{"line":68,"column":1559}},{"start":{"line":68,"column":1563},"end":{"line":68,"column":1612}},{"start":{"line":68,"column":1616},"end":{"line":68,"column":1661}},{"start":{"line":68,"column":1665},"end":{"line":68,"column":1713}},{"start":{"line":68,"column":1717},"end":{"line":68,"column":1771}}],"line":68},"27":{"loc":{"start":{"line":68,"column":2466},"end":{"line":68,"column":3178}},"type":"if","locations":[{"start":{"line":68,"column":2466},"end":{"line":68,"column":3178}},{"start":{"line":68,"column":2466},"end":{"line":68,"column":3178}}],"line":68}},"s":{"0":0,"1":0,"2":0,"3":0,"4":0,"5":0,"6":0,"7":0,"8":0,"9":0,"10":0,"11":0,"12":0,"13":0,"14":0,"15":0,"16":0,"17":0,"18":0,"19":0,"20":0,"21":0,"22":0,"23":0,"24":0,"25":0,"26":0,"27":0,"28":0,"29":0,"30":0,"31":0,"32":0,"33":0,"34":0,"35":0,"36":0,"37":0,"38":0,"39":0,"40":0,"41":0,"42":0,"43":0,"44":0,"45":0,"46":0,"47":0,"48":0,"49":0,"50":0,"51":0,"52":0,"53":0,"54":0,"55":0,"56":0,"57":0,"58":0,"59":0,"60":0,"61":0,"62":0,"63":0,"64":0,"65":0,"66":0,"67":0,"68":0,"69":0,"70":0,"71":0,"72":0,"73":0,"74":0,"75":0,"76":0,"77":0,"78":0,"79":0,"80":0,"81":0,"82":0,"83":0,"84":0,"85":0,"86":0,"87":0,"88":0,"89":0,"90":0,"91":0,"92":0,"93":0,"94":0,"95":0,"96":0,"97":0,"98":0,"99":0,"100":0,"101":0,"102":0,"103":0,"104":0,"105":0,"106":0,"107":0,"108":0,"109":0,"110":0,"111":0,"112":0,"113":0,"114":0,"115":0,"116":0,"117":0,"118":0,"119":0,"120":0,"121":0,"122":0,"123":0,"124":0,"125":0,"126":0,"127":0,"128":0,"129":0,"130":0,"131":0,"132":0,"133":0,"134":0,"135":0,"136":0,"137":0,"138":0,"139":0,"140":0,"141":0,"142":0,"143":0,"144":0,"145":0,"146":0,"147":0,"148":0,"149":0,"150":0,"151":0,"152":0,"153":0,"154":0,"155":0,"156":0,"157":0,"158":0,"159":0,"160":0,"161":0,"162":0,"163":0,"164":0,"165":0,"166":0,"167":0,"168":0,"169":0,"170":0,"171":0,"172":0,"173":0,"174":0,"175":0,"176":0,"177":0,"178":0,"179":0,"180":0,"181":0,"182":0,"183":0,"184":0,"185":0,"186":0,"187":0,"188":0,"189":0,"190":0,"191":0,"192":0,"193":0,"194":0,"195":0,"196":0,"197":0,"198":0,"199":0,"200":0,"201":0,"202":0,"203":0,"204":0,"205":0,"206":0,"207":0,"208":0,"209":0,"210":0,"211":0,"212":0,"213":0,"214":0,"215":0,"216":0,"217":0,"218":0,"219":0,"220":0,"221":0,"222":0,"223":0,"224":0,"225":0,"226":0,"227":0,"228":0,"229":0,"230":0,"231":0,"232":0,"233":0,"234":0,"235":0,"236":0,"237":0,"238":0,"239":0,"240":0,"241":0,"242":0,"243":0,"244":0,"245":0,"246":0,"247":0,"248":0,"249":0,"250":0,"251":0,"252":0,"253":0,"254":0,"255":0,"256":0,"257":0,"258":0,"259":0,"260":0,"261":0,"262":0,"263":0,"264":0,"265":0,"266":0,"267":0,"268":0,"269":0,"270":0,"271":0,"272":0,"273":0,"274":0,"275":0,"276":0,"277":0,"278":0,"279":0,"280":0,"281":0,"282":0,"283":0,"284":0,"285":0,"286":0,"287":0,"288":0,"289":0,"290":0,"291":0,"292":0,"293":0,"294":0,"295":0,"296":0,"297":0,"298":0,"299":0,"300":0,"301":0,"302":0,"303":0,"304":0,"305":0,"306":0,"307":0,"308":0,"309":0,"310":0,"311":0,"312":0,"313":0,"314":0,"315":0,"316":0,"317":0,"318":0,"319":0,"320":0,"321":0,"322":0,"323":0,"324":0,"325":0,"326":0,"327":0,"328":0,"329":0,"330":0,"331":0,"332":0,"333":0,"334":0,"335":0,"336":0,"337":0,"338":0,"339":0,"340":0,"341":0,"342":0,"343":0,"344":0,"345":0,"346":0,"347":0,"348":0,"349":0,"350":0,"351":0,"352":0,"353":0,"354":0,"355":0,"356":0,"357":0,"358":0,"359":0,"360":0,"361":0,"362":0,"363":0,"364":0,"365":0,"366":0,"367":0,"368":0,"369":0,"370":0,"371":0,"372":0,"373":0,"374":0,"375":0,"376":0,"377":0,"378":0,"379":0,"380":0,"381":0,"382":0,"383":0,"384":0,"385":0,"386":0,"387":0,"388":0,"389":0,"390":0,"391":0,"392":0,"393":0,"394":0,"395":0,"396":0,"397":0,"398":0,"399":0,"400":0,"401":0,"402":0,"403":0,"404":0,"405":0,"406":0,"407":0,"408":0},"f":{"0":0,"1":0,"2":0,"3":0,"4":0,"5":0,"6":0,"7":0,"8":0,"9":0,"10":0,"11":0,"12":0,"13":0,"14":0,"15":0,"16":0,"17":0,"18":0,"19":0,"20":0,"21":0},"b":{"0":[0,0],"1":[0,0],"2":[0,0],"3":[0,0],"4":[0,0],"5":[0,0],"6":[0,0],"7":[0,0,0],"8":[0,0],"9":[0,0],"10":[0,0],"11":[0,0],"12":[0,0],"13":[0,0],"14":[0,0],"15":[0,0],"16":[0,0],"17":[0,0],"18":[0,0],"19":[0,0],"20":[0,0],"21":[0,0],"22":[0,0],"23":[0,0],"24":[0,0],"25":[0,0],"26":[0,0,0,0,0],"27":[0,0]},"inputSourceMap":{"version":3,"names":["cov_158vqtudcx","actualCoverage","homePage","f","s","window","location","href","deleteUser","userId","b","alert","confirm","request","XMLHttpRequest","open","onload","response","JSON","parse","responseText","status","message","GetProfile","send","callname","value","sessionStorage","getItem","console","log","callpassword","call","name","password","setRequestHeader","level","splitt","split","setItem","addProfile","jsonData","Object","document","getElementById","date","time_in","innerHTML","setAttribute","undefined","stringify","callsession","pass","keys","forEach","key","len","length","i","html","id","GetProfileEdit","replaceAll","formatTimeForInput","timeString","parts","padStart","error","formatDateForInput","dateString","formattedDate","editProfile","data","selectedProfile","formattedTime","$","modal","updateProfile","timeobjt","Date","timeformat","toLocaleTimeString","hour","minute","second","hour12","dateobjt","dateformat","toLocaleDateString"],"sources":["home.js"],"sourcesContent":["function homePage(){\r\n    window.location.href = 'home.html';\r\n}\r\nfunction deleteUser(userId) {\r\n    if (!userId) {\r\n        alert('User ID is missing.');\r\n        return;\r\n    }\r\n\r\n    if (!confirm('Are you sure you want to delete this user?')) {\r\n        return;\r\n    }\r\n\r\n    var request = new XMLHttpRequest();\r\n    request.open(\"DELETE\", \"/delete-user/\" + userId, true);\r\n    request.onload = function () {\r\n        var response = JSON.parse(request.responseText);\r\n        if (request.status === 200) {\r\n            alert(response.message);\r\n            // Refresh the list of users or redirect as needed\r\n            GetProfile(); // Assuming this function refreshes the user list\r\n        } else {\r\n            alert( response.message);\r\n        }\r\n    };\r\n    request.send();\r\n}\r\n\r\nfunction callname(){\r\n    var value = sessionStorage.getItem('name');\r\n    console.log(value);\r\n    return value;\r\n}\r\n\r\nfunction callpassword(){\r\n    var value = sessionStorage.getItem('password');\r\n   console.log(value);\r\n    return value;\r\n}\r\n\r\nfunction call() {\r\n    var response = '';\r\n    var name = callname();\r\n    var password = callpassword();\r\n    var request = new XMLHttpRequest();\r\n\r\n    request.open('GET', `/call/${name}/${password}`, true);\r\n    request.setRequestHeader('Content-Type', 'application/json');\r\n\r\n    request.onload = function () {\r\n\r\n        \r\n        response = JSON.parse(request.responseText);\r\n            console.log('respose is ',response);\r\n        var level = response;    \r\n        const splitt= response.split('/');\r\n        console.log(splitt)   \r\n        console.log(splitt[0])\r\n        sessionStorage.setItem(\"level\", splitt[0])\r\n        sessionStorage.setItem(\"id\", splitt[1])    \r\n\r\n           };\r\n           console.log('level:',sessionStorage.getItem('level'))\r\n    request.send();\r\n\r\n}\r\nfunction addProfile() {\r\n\tvar response = \"\";\r\n\r\n\tvar jsonData = new Object();\r\n    jsonData.name = document.getElementById(\"Name\").value;\r\n    jsonData.password = document.getElementById(\"Password\").value;\r\n    jsonData.level = document.getElementById(\"Level\").value;\r\n    jsonData.date = document.getElementById(\"Date\").value;\r\n    jsonData.time_in = document.getElementById(\"Time_In\").value;\r\n\t\r\n\tif (jsonData.name == \"\" || jsonData.password == \"\" || jsonData.date == \"\") {\r\n\t\tdocument.getElementById(\"message\").innerHTML = 'All fields are required!';\r\n\t\tdocument.getElementById(\"message\").setAttribute(\"class\", \"text-danger\");\r\n\t\treturn;\r\n\t}\r\n\r\n\tvar request = new XMLHttpRequest();\r\n\r\n\trequest.open(\"POST\", \"/add-resource\", true);\r\n\trequest.setRequestHeader('Content-Type', 'application/json');\r\n\r\n\trequest.onload = function () {\r\n\t\tresponse = JSON.parse(request.responseText);\r\n\r\n        if (response.message == undefined) {\r\n\t\t\tdocument.getElementById(\"message\").innerHTML = 'Added Resouce: ' + jsonData.name + '!';\r\n\t\t\tdocument.getElementById(\"message\").setAttribute(\"class\", \"text-success\");\r\n\r\n\t\t\tdocument.getElementById(\"name\").value = \"\";\r\n\t\t\tdocument.getElementById(\"location\").value = \"\";\r\n\t\t\tdocument.getElementById(\"description\").value = \"\";\r\n\r\n\t\t\twindow.location.href = 'home.html';\r\n\t\t}\r\n\t\telse {\r\n\t\t\tdocument.getElementById(\"message\").innerHTML = 'Unable to add resource!';\t\t\tdocument.getElementById(\"message\").setAttribute(\"class\", \"text-danger\");\r\n\t\t\tdocument.getElementById(\"message\").setAttribute(\"class\", \"text-danger\");\r\n\t\t}\r\n\t};\r\n\r\n\trequest.send(JSON.stringify(jsonData));\r\n}\r\n\r\nfunction callsession(){\r\n    var pass='';\r\n    var keys = Object.keys(sessionStorage);\r\n    keys.forEach(function(key) {\r\n        var value = sessionStorage.getItem(key);\r\n\r\n        if(key=='password'){\r\n            len= key.length\r\n            for (var i=0;i<len;i++){\r\n            pass +='*'\r\n            }\r\n            console.log(pass)\r\n        }else{\r\n        console.log(key + \": \" + value);}\r\n\r\n    });\r\n}\r\nfunction GetProfile() {\r\n    \r\n    var response = '';\r\n    var request = new XMLHttpRequest();\r\n\r\n    request.open('GET', '/get-profile', true);\r\n    request.setRequestHeader('Content-Type', 'application/json');\r\n\r\n    request.onload = function () {\r\n        response = JSON.parse(request.responseText);\r\n        //console.log(response);\r\n        var html = ''\r\n        for (var i = 0; i < response.length; i++)\r\n        if (response[i].id === '1') {\r\n            continue; // Skip this profile\r\n        }else\r\n        {\r\n            html += '<tr>' +\r\n                '<td>' + (i+1) + '</td>' +\r\n                '<td>' + response[i].name + '</td>' +\r\n                '<td>' + response[i].level + '</td>' +\r\n                '<td>' + response[i].date + '</td>' +\r\n                '<td>' + response[i].time_in + '</td>' +\r\n               // '<td>' +\r\n                 //   '<button type=\"button\" class=\"btn btn-warning\" onclick=\"editProfile(\\'' + JSON.stringify(response[i]).replaceAll('\\\"', '&quot;') + '\\')\">Edit </button> ' + \r\n                   // '<button type=\"button\" class=\"btn btn-danger\" onclick=\"deleteProfile(' + response[i].id + ')\"> Delete</button>' + \r\n                '</td>'+\r\n            '</tr>'\r\n        }\r\n        document.getElementById('tableContent').innerHTML = html;\r\n    };\r\n\r\n    request.send();\r\n}\r\n     \r\n\r\n    \r\nfunction GetProfileEdit() {\r\n    \r\n    var response = '';\r\n    var request = new XMLHttpRequest();\r\n\r\n    request.open('GET', '/get-profile', true);\r\n    request.setRequestHeader('Content-Type', 'application/json');\r\n\r\n    request.onload = function () {\r\n        response = JSON.parse(request.responseText);\r\n        console.log(response);\r\n        var html = ''\r\n        for (var i = 0; i < response.length; i++)\r\n        if (response[i].id === '1') {\r\n            continue; // Skip this profile\r\n        }else\r\n        {\r\n            html += '<tr>' +\r\n                '<td>' + (i+1) + '</td>' +\r\n                '<td>' + response[i].name + '</td>' +\r\n                '<td>' + response[i].level + '</td>' +\r\n                '<td>' + response[i].date + '</td>' +\r\n                '<td>' + response[i].time_in + '</td>' +\r\n                '<td>' +\r\n                    '<button type=\"button\" class=\"btn btn-warning\" onclick=\"editProfile(\\'' + JSON.stringify(response[i]).replaceAll('\\\"', '&quot;') + '\\')\">Edit </button> ' + \r\n                    '<button type=\"button\" class=\"btn btn-danger\" onclick=\"deleteUser(' + response[i].id + ')\">Delete</button>' + \r\n                '</td>'+\r\n            '</tr>'\r\n        }\r\n\r\n        document.getElementById('tableContent').innerHTML = html;\r\n    };\r\n\r\n    request.send();\r\n}\r\n//backup of get profile\r\n/*function GetProfile() {\r\n    \r\n    var response = '';\r\n    var request = new XMLHttpRequest();\r\n\r\n    request.open('GET', '/get-profile', true);\r\n    request.setRequestHeader('Content-Type', 'application/json');\r\n\r\n    request.onload = function () {\r\n        response = JSON.parse(request.responseText);\r\n        \r\n        var html = ''\r\n        for (var i = 0; i < response.length; i++)\r\n        {\r\n            html += '<tr>' +\r\n                '<td>' + (i+1) + '</td>' +\r\n                '<td>' + response[i].name + '</td>' +\r\n                '<td>' + response[i].level + '</td>' +\r\n                '<td>' + response[i].date + '</td>' +\r\n                '<td>' + response[i].time_in + '</td>' +\r\n                '<td>' +\r\n                    '<button type=\"button\" class=\"btn btn-warning\" onclick=\"editProfile(\\'' + JSON.stringify(response[i]).replaceAll('\\\"', '&quot;') + '\\')\">Edit </button> ' + \r\n                    '<button type=\"button\" class=\"btn btn-danger\" onclick=\"deleteProfile(' + response[i].id + ')\"> Delete</button>' + \r\n                '</td>'+\r\n            '</tr>'\r\n        }\r\n\r\n        document.getElementById('tableContent').innerHTML = html;\r\n    };\r\n\r\n    request.send();\r\n}\r\n*/\r\n\r\n\r\n\r\n    \r\n\r\nfunction formatTimeForInput(timeString) {//headscratcher\r\n    if(timeString=='Invalid Date'){\r\n        console.log(\"NO TIMEEEE\" ,timeString)\r\n        return '';\r\n    }\r\n    //splits the value eg. 12:32 == 12 ,32 with the : as seperator\r\n    const parts = timeString.split(':');\r\n    //console.log(parts)\r\n    if (parts.length === 3) {\r\n        //padstart to check that there is a len of 2 for each parts\r\n        return parts[0].padStart(2, '0') + ':' + parts[1].padStart(2, '0');\r\n    } else {\r\n        console.error('Invalid time string:', timeString);\r\n        return '';\r\n    }\r\n}\r\nfunction formatDateForInput(dateString) {//headscratcher.2\r\n    if (dateString == 'Invalid Date') {\r\n        console.log('no')\r\n        return '';\r\n    }\r\n    const parts = dateString.split('/');\r\n    if (parts.length === 3) {\r\n        // Ensure that the date string is in the format \"dd/MM/yyyy\"\r\n        const formattedDate = parts[2] + '-' + parts[1].padStart(2, '0') + '-' + parts[0].padStart(2, '0');\r\n        return formattedDate;\r\n    }\r\n    \r\n}\r\n\r\nfunction editProfile(data) {\r\n    var selectedProfile = JSON.parse(data);\r\n    //console.log(selectedProfile);\r\n    //document.getElementById(\"editID\").value = selectedProfile.id;\r\n    document.getElementById(\"editName\").value = selectedProfile.name;\r\n    document.getElementById(\"editPassword\").value = selectedProfile.password;\r\n    document.getElementById(\"editLevel\").value = selectedProfile.level;\r\n    if (selectedProfile.date) {\r\n        const formattedDate = formatDateForInput(selectedProfile.date);\r\n        document.getElementById(\"editDate\").value = formattedDate;\r\n    } else {\r\n        document.getElementById(\"editDate\").value = \"\";\r\n    }\r\n\r\n    if (selectedProfile.time_in) {\r\n        const formattedTime = formatTimeForInput(selectedProfile.time_in);\r\n        document.getElementById(\"editTime_In\").value = formattedTime;\r\n    } else {\r\n        document.getElementById(\"editTime_In\").value = \"\";\r\n    }\r\n    // document.getElementById(\"editDate\").value = selectedProfile.date;\r\n    //document.getElementById(\"editTime_In\").value = selectedProfile.time_in;\r\n\r\n    document.getElementById(\"updateButton\").setAttribute(\"onclick\", 'updateProfile(\"' + selectedProfile.id + '\")');\r\n\r\n    $('#editProfileModal').modal('show');\r\n}\r\n\r\nfunction updateProfile(id) {\r\n    // console.log(id)\r\n    var response = \"\";\r\n    //console.log(response);\r\n    var jsonData = new Object();\r\n    jsonData.name = document.getElementById(\"editName\").value;\r\n    jsonData.password = document.getElementById(\"editPassword\").value;\r\n    jsonData.level = document.getElementById(\"editLevel\").value;\r\n    jsonData.date = document.getElementById(\"editDate\").value;\r\n    jsonData.time_in = document.getElementById(\"editTime_In\").value;\r\n    //console.log('time',jsonData.time_in.length);\r\n    //Format Time from 24 hr to 12 hr     \r\n    const timeString = jsonData.time_in;//call the json data\r\n    \r\n      //console.log('time',timeString.length);//error testing\r\n    if(!timeString==''||timeString.length!==5 ){\r\n        const timeobjt = new Date('2023-12-01T' + timeString)//Uk locale parameters below\r\n        const timeformat = timeobjt.toLocaleTimeString('en-GB', { hour: '2-digit', minute: '2-digit', second: '2-digit', hour12: true });\r\n        //the seconds is there to meet the dumb requirement for hh:mm:ss format\r\n        //  console.log(timeformat);//error testing\r\n        jsonData.time_in = timeformat;\r\n    \r\n    \r\n    }\r\n    console.log('time json',jsonData.time_in)\r\n    //Format Date from dd-mm-yyyy to dd/mm/yyyy\r\n    const dateString = jsonData.date;//call the json data\r\n    //console.log('date',dateString)\r\n    if(!dateString==''){\r\n        const dateobjt = new Date(dateString)//it didnt work when done in one line\r\n        const dateformat = dateobjt.toLocaleDateString('en-GB');//Uk locale parameters\r\n        //console.log(dateformat);\r\n        jsonData.date = dateformat;\r\n    \r\n    }\r\n    if (jsonData.name == \"\" ) {\r\n        document.getElementById(\"editMessage\").innerHTML = 'Please Input Name!';\r\n        document.getElementById(\"editMessage\").setAttribute(\"class\", \"text-danger\");\r\n        return;\r\n    }else\r\n    if (jsonData.password == \"\" ) {\r\n        document.getElementById(\"editMessage\").innerHTML = 'Please Input Password!';\r\n        document.getElementById(\"editMessage\").setAttribute(\"class\", \"text-danger\");\r\n        return;\r\n    }else\r\n    if (jsonData.date == \"\" ) {\r\n        document.getElementById(\"editMessage\").innerHTML = 'Please Input a proper Date!';\r\n        document.getElementById(\"editMessage\").setAttribute(\"class\", \"text-danger\");\r\n        return;\r\n    }else\r\n    if (jsonData.time_in == \"Invalid Date\" ) {\r\n        document.getElementById(\"editMessage\").innerHTML = 'Please fill in the Time!';\r\n        document.getElementById(\"editMessage\").setAttribute(\"class\", \"text-danger\");\r\n        return;\r\n    }else\r\n    if (jsonData.name == \"\" || jsonData.password == \"\" || jsonData.date == \"\" || jsonData.time_in == \"\"|| jsonData.time_in.length <= 5 ) {\r\n        document.getElementById(\"editMessage\").innerHTML = 'All fields are required!';\r\n        document.getElementById(\"editMessage\").setAttribute(\"class\", \"text-danger\");\r\n        return;\r\n    }\r\n\r\n    var request = new XMLHttpRequest();\r\n\r\n    request.open(\"PUT\", \"/edit-profile/\" + id, true);\r\n    request.setRequestHeader('Content-Type', 'application/json');\r\n\r\n    request.onload = function () {\r\n        response = JSON.parse(request.responseText);\r\n\r\n        if (response.message == \"Profile modified successfully!\") {\r\n            document.getElementById(\"editMessage\").innerHTML = 'Edited Profile: ' + jsonData.name + '!';\r\n            document.getElementById(\"editMessage\").setAttribute(\"class\", \"text-success\");\r\n            window.location.href = 'edit.html';\r\n            console.log(jsonData.time_in);\r\n        }\r\n        else {\r\n            console.log('No it didnt work')\r\n            document.getElementById(\"editMessage\").innerHTML = 'Error occured,Unable to edit';\r\n            document.getElementById(\"editMessage\").setAttribute(\"class\", \"text-danger\");\r\n\r\n        }\r\n    };\r\n\r\n    request.send(JSON.stringify(jsonData));\r\n}\r\n\r\n\r\n\r\n"],"mappings":"u0pBAeY;AAAAA,cAAA,SAAAA,CAAA,SAAAC,cAAA,WAAAA,cAAA,EAAAD,cAAA,GAfZ,QAAS,CAAAE,QAAQA,CAAA,CAAE,CAAAF,cAAA,GAAAG,CAAA,MAAAH,cAAA,GAAAI,CAAA,MACfC,MAAM,CAACC,QAAQ,CAACC,IAAI,CAAG,WAAW,CACtC,CACA,QAAS,CAAAC,UAAUA,CAACC,MAAM,CAAE,CAAAT,cAAA,GAAAG,CAAA,MAAAH,cAAA,GAAAI,CAAA,MACxB,GAAI,CAACK,MAAM,CAAE,CAAAT,cAAA,GAAAU,CAAA,SAAAV,cAAA,GAAAI,CAAA,MACTO,KAAK,CAAC,qBAAqB,CAAC,CAACX,cAAA,GAAAI,CAAA,MAC7B,OACJ,CAAC,KAAAJ,cAAA,GAAAU,CAAA,UAAAV,cAAA,GAAAI,CAAA,MAED,GAAI,CAACQ,OAAO,CAAC,4CAA4C,CAAC,CAAE,CAAAZ,cAAA,GAAAU,CAAA,SAAAV,cAAA,GAAAI,CAAA,MACxD,OACJ,CAAC,KAAAJ,cAAA,GAAAU,CAAA,UAED,GAAI,CAAAG,OAAO,EAAAb,cAAA,GAAAI,CAAA,MAAG,GAAI,CAAAU,cAAc,CAAC,CAAC,EAACd,cAAA,GAAAI,CAAA,MACnCS,OAAO,CAACE,IAAI,CAAC,QAAQ,CAAE,eAAe,CAAGN,MAAM,CAAE,IAAI,CAAC,CAACT,cAAA,GAAAI,CAAA,MACvDS,OAAO,CAACG,MAAM,CAAG,UAAY,CAAAhB,cAAA,GAAAG,CAAA,MACzB,GAAI,CAAAc,QAAQ,EAAAjB,cAAA,GAAAI,CAAA,MAAGc,IAAI,CAACC,KAAK,CAACN,OAAO,CAACO,YAAY,CAAC,EAACpB,cAAA,GAAAI,CAAA,OAChD,GAAIS,OAAO,CAACQ,MAAM,GAAK,GAAG,CAAE,CAAArB,cAAA,GAAAU,CAAA,SAAAV,cAAA,GAAAI,CAAA,OACxBO,KAAK,CAACM,QAAQ,CAACK,OAAO,CAAC,CACvB;AAAAtB,cAAA,GAAAI,CAAA,OACAmB,UAAU,CAAC,CAAC,CAAE;AAClB,CAAC,IAAM,CAAAvB,cAAA,GAAAU,CAAA,SAAAV,cAAA,GAAAI,CAAA,OACHO,KAAK,CAAEM,QAAQ,CAACK,OAAO,CAAC,CAC5B,CACJ,CAAC,CAACtB,cAAA,GAAAI,CAAA,OACFS,OAAO,CAACW,IAAI,CAAC,CAAC,CAClB,CAEA,QAAS,CAAAC,QAAQA,CAAA,CAAE,CAAAzB,cAAA,GAAAG,CAAA,MACf,GAAI,CAAAuB,KAAK,EAAA1B,cAAA,GAAAI,CAAA,OAAGuB,cAAc,CAACC,OAAO,CAAC,MAAM,CAAC,EAAC5B,cAAA,GAAAI,CAAA,OAC3CyB,OAAO,CAACC,GAAG,CAACJ,KAAK,CAAC,CAAC1B,cAAA,GAAAI,CAAA,OACnB,MAAO,CAAAsB,KAAK,CAChB,CAEA,QAAS,CAAAK,YAAYA,CAAA,CAAE,CAAA/B,cAAA,GAAAG,CAAA,MACnB,GAAI,CAAAuB,KAAK,EAAA1B,cAAA,GAAAI,CAAA,OAAGuB,cAAc,CAACC,OAAO,CAAC,UAAU,CAAC,EAAC5B,cAAA,GAAAI,CAAA,OAChDyB,OAAO,CAACC,GAAG,CAACJ,KAAK,CAAC,CAAC1B,cAAA,GAAAI,CAAA,OAClB,MAAO,CAAAsB,KAAK,CAChB,CAEA,QAAS,CAAAM,IAAIA,CAAA,CAAG,CAAAhC,cAAA,GAAAG,CAAA,MACZ,GAAI,CAAAc,QAAQ,EAAAjB,cAAA,GAAAI,CAAA,OAAG,EAAE,EACjB,GAAI,CAAA6B,IAAI,EAAAjC,cAAA,GAAAI,CAAA,OAAGqB,QAAQ,CAAC,CAAC,EACrB,GAAI,CAAAS,QAAQ,EAAAlC,cAAA,GAAAI,CAAA,OAAG2B,YAAY,CAAC,CAAC,EAC7B,GAAI,CAAAlB,OAAO,EAAAb,cAAA,GAAAI,CAAA,OAAG,GAAI,CAAAU,cAAc,CAAC,CAAC,EAACd,cAAA,GAAAI,CAAA,OAEnCS,OAAO,CAACE,IAAI,CAAC,KAAK,CAAG,SAAQkB,IAAK,IAAGC,QAAS,EAAC,CAAE,IAAI,CAAC,CAAClC,cAAA,GAAAI,CAAA,OACvDS,OAAO,CAACsB,gBAAgB,CAAC,cAAc,CAAE,kBAAkB,CAAC,CAACnC,cAAA,GAAAI,CAAA,OAE7DS,OAAO,CAACG,MAAM,CAAG,UAAY,CAAAhB,cAAA,GAAAG,CAAA,MAAAH,cAAA,GAAAI,CAAA,OAGzBa,QAAQ,CAAGC,IAAI,CAACC,KAAK,CAACN,OAAO,CAACO,YAAY,CAAC,CAACpB,cAAA,GAAAI,CAAA,OACxCyB,OAAO,CAACC,GAAG,CAAC,aAAa,CAACb,QAAQ,CAAC,CACvC,GAAI,CAAAmB,KAAK,EAAApC,cAAA,GAAAI,CAAA,OAAGa,QAAQ,EACpB,KAAM,CAAAoB,MAAM,EAAArC,cAAA,GAAAI,CAAA,OAAEa,QAAQ,CAACqB,KAAK,CAAC,GAAG,CAAC,EAACtC,cAAA,GAAAI,CAAA,OAClCyB,OAAO,CAACC,GAAG,CAACO,MAAM,CAAC,CAAArC,cAAA,GAAAI,CAAA,OACnByB,OAAO,CAACC,GAAG,CAACO,MAAM,CAAC,CAAC,CAAC,CAAC,CAAArC,cAAA,GAAAI,CAAA,OACtBuB,cAAc,CAACY,OAAO,CAAC,OAAO,CAAEF,MAAM,CAAC,CAAC,CAAC,CAAC,CAAArC,cAAA,GAAAI,CAAA,OAC1CuB,cAAc,CAACY,OAAO,CAAC,IAAI,CAAEF,MAAM,CAAC,CAAC,CAAC,CAAC,CAEpC,CAAC,CAACrC,cAAA,GAAAI,CAAA,OACFyB,OAAO,CAACC,GAAG,CAAC,QAAQ,CAACH,cAAc,CAACC,OAAO,CAAC,OAAO,CAAC,CAAC,CAAA5B,cAAA,GAAAI,CAAA,OAC5DS,OAAO,CAACW,IAAI,CAAC,CAAC,CAElB,CACA,QAAS,CAAAgB,UAAUA,CAAA,CAAG,CAAAxC,cAAA,GAAAG,CAAA,MACrB,GAAI,CAAAc,QAAQ,EAAAjB,cAAA,GAAAI,CAAA,OAAG,EAAE,EAEjB,GAAI,CAAAqC,QAAQ,EAAAzC,cAAA,GAAAI,CAAA,OAAG,GAAI,CAAAsC,MAAM,CAAC,CAAC,EAAC1C,cAAA,GAAAI,CAAA,OACzBqC,QAAQ,CAACR,IAAI,CAAGU,QAAQ,CAACC,cAAc,CAAC,MAAM,CAAC,CAAClB,KAAK,CAAC1B,cAAA,GAAAI,CAAA,OACtDqC,QAAQ,CAACP,QAAQ,CAAGS,QAAQ,CAACC,cAAc,CAAC,UAAU,CAAC,CAAClB,KAAK,CAAC1B,cAAA,GAAAI,CAAA,OAC9DqC,QAAQ,CAACL,KAAK,CAAGO,QAAQ,CAACC,cAAc,CAAC,OAAO,CAAC,CAAClB,KAAK,CAAC1B,cAAA,GAAAI,CAAA,OACxDqC,QAAQ,CAACI,IAAI,CAAGF,QAAQ,CAACC,cAAc,CAAC,MAAM,CAAC,CAAClB,KAAK,CAAC1B,cAAA,GAAAI,CAAA,OACtDqC,QAAQ,CAACK,OAAO,CAAGH,QAAQ,CAACC,cAAc,CAAC,SAAS,CAAC,CAAClB,KAAK,CAAC1B,cAAA,GAAAI,CAAA,OAE/D,GAAI,CAAAJ,cAAA,GAAAU,CAAA,SAAA+B,QAAQ,CAACR,IAAI,EAAI,EAAE,IAAAjC,cAAA,GAAAU,CAAA,SAAI+B,QAAQ,CAACP,QAAQ,EAAI,EAAE,IAAAlC,cAAA,GAAAU,CAAA,SAAI+B,QAAQ,CAACI,IAAI,EAAI,EAAE,EAAE,CAAA7C,cAAA,GAAAU,CAAA,SAAAV,cAAA,GAAAI,CAAA,OAC1EuC,QAAQ,CAACC,cAAc,CAAC,SAAS,CAAC,CAACG,SAAS,CAAG,0BAA0B,CAAC/C,cAAA,GAAAI,CAAA,OAC1EuC,QAAQ,CAACC,cAAc,CAAC,SAAS,CAAC,CAACI,YAAY,CAAC,OAAO,CAAE,aAAa,CAAC,CAAChD,cAAA,GAAAI,CAAA,OACxE,OACD,CAAC,KAAAJ,cAAA,GAAAU,CAAA,UAED,GAAI,CAAAG,OAAO,EAAAb,cAAA,GAAAI,CAAA,OAAG,GAAI,CAAAU,cAAc,CAAC,CAAC,EAACd,cAAA,GAAAI,CAAA,OAEnCS,OAAO,CAACE,IAAI,CAAC,MAAM,CAAE,eAAe,CAAE,IAAI,CAAC,CAACf,cAAA,GAAAI,CAAA,OAC5CS,OAAO,CAACsB,gBAAgB,CAAC,cAAc,CAAE,kBAAkB,CAAC,CAACnC,cAAA,GAAAI,CAAA,OAE7DS,OAAO,CAACG,MAAM,CAAG,UAAY,CAAAhB,cAAA,GAAAG,CAAA,MAAAH,cAAA,GAAAI,CAAA,OAC5Ba,QAAQ,CAAGC,IAAI,CAACC,KAAK,CAACN,OAAO,CAACO,YAAY,CAAC,CAACpB,cAAA,GAAAI,CAAA,OAEtC,GAAIa,QAAQ,CAACK,OAAO,EAAI2B,SAAS,CAAE,CAAAjD,cAAA,GAAAU,CAAA,SAAAV,cAAA,GAAAI,CAAA,OACxCuC,QAAQ,CAACC,cAAc,CAAC,SAAS,CAAC,CAACG,SAAS,CAAG,iBAAiB,CAAGN,QAAQ,CAACR,IAAI,CAAG,GAAG,CAACjC,cAAA,GAAAI,CAAA,OACvFuC,QAAQ,CAACC,cAAc,CAAC,SAAS,CAAC,CAACI,YAAY,CAAC,OAAO,CAAE,cAAc,CAAC,CAAChD,cAAA,GAAAI,CAAA,OAEzEuC,QAAQ,CAACC,cAAc,CAAC,MAAM,CAAC,CAAClB,KAAK,CAAG,EAAE,CAAC1B,cAAA,GAAAI,CAAA,OAC3CuC,QAAQ,CAACC,cAAc,CAAC,UAAU,CAAC,CAAClB,KAAK,CAAG,EAAE,CAAC1B,cAAA,GAAAI,CAAA,OAC/CuC,QAAQ,CAACC,cAAc,CAAC,aAAa,CAAC,CAAClB,KAAK,CAAG,EAAE,CAAC1B,cAAA,GAAAI,CAAA,OAElDC,MAAM,CAACC,QAAQ,CAACC,IAAI,CAAG,WAAW,CACnC,CAAC,IACI,CAAAP,cAAA,GAAAU,CAAA,SAAAV,cAAA,GAAAI,CAAA,OACJuC,QAAQ,CAACC,cAAc,CAAC,SAAS,CAAC,CAACG,SAAS,CAAG,yBAAyB,CAAC/C,cAAA,GAAAI,CAAA,OAAGuC,QAAQ,CAACC,cAAc,CAAC,SAAS,CAAC,CAACI,YAAY,CAAC,OAAO,CAAE,aAAa,CAAC,CAAChD,cAAA,GAAAI,CAAA,OACpJuC,QAAQ,CAACC,cAAc,CAAC,SAAS,CAAC,CAACI,YAAY,CAAC,OAAO,CAAE,aAAa,CAAC,CACxE,CACD,CAAC,CAAChD,cAAA,GAAAI,CAAA,OAEFS,OAAO,CAACW,IAAI,CAACN,IAAI,CAACgC,SAAS,CAACT,QAAQ,CAAC,CAAC,CACvC,CAEA,QAAS,CAAAU,WAAWA,CAAA,CAAE,CAAAnD,cAAA,GAAAG,CAAA,MAClB,GAAI,CAAAiD,IAAI,EAAApD,cAAA,GAAAI,CAAA,OAAC,EAAE,EACX,GAAI,CAAAiD,IAAI,EAAArD,cAAA,GAAAI,CAAA,OAAGsC,MAAM,CAACW,IAAI,CAAC1B,cAAc,CAAC,EAAC3B,cAAA,GAAAI,CAAA,OACvCiD,IAAI,CAACC,OAAO,CAAC,SAASC,GAAG,CAAE,CAAAvD,cAAA,GAAAG,CAAA,OACvB,GAAI,CAAAuB,KAAK,EAAA1B,cAAA,GAAAI,CAAA,OAAGuB,cAAc,CAACC,OAAO,CAAC2B,GAAG,CAAC,EAACvD,cAAA,GAAAI,CAAA,OAExC,GAAGmD,GAAG,EAAE,UAAU,CAAC,CAAAvD,cAAA,GAAAU,CAAA,SAAAV,cAAA,GAAAI,CAAA,OACfoD,GAAG,CAAED,GAAG,CAACE,MAAM,CAAAzD,cAAA,GAAAI,CAAA,OACf,IAAK,GAAI,CAAAsD,CAAC,EAAA1D,cAAA,GAAAI,CAAA,OAAC,CAAC,EAACsD,CAAC,CAACF,GAAG,CAACE,CAAC,EAAE,CAAC,CAAA1D,cAAA,GAAAI,CAAA,OACvBgD,IAAI,EAAG,GAAG,CACV,CAACpD,cAAA,GAAAI,CAAA,OACDyB,OAAO,CAACC,GAAG,CAACsB,IAAI,CAAC,CACrB,CAAC,IAAI,CAAApD,cAAA,GAAAU,CAAA,SAAAV,cAAA,GAAAI,CAAA,OACLyB,OAAO,CAACC,GAAG,CAACyB,GAAG,CAAG,IAAI,CAAG7B,KAAK,CAAC,CAAC,CAEpC,CAAC,CAAC,CACN,CACA,QAAS,CAAAH,UAAUA,CAAA,CAAG,CAAAvB,cAAA,GAAAG,CAAA,OAElB,GAAI,CAAAc,QAAQ,EAAAjB,cAAA,GAAAI,CAAA,OAAG,EAAE,EACjB,GAAI,CAAAS,OAAO,EAAAb,cAAA,GAAAI,CAAA,OAAG,GAAI,CAAAU,cAAc,CAAC,CAAC,EAACd,cAAA,GAAAI,CAAA,OAEnCS,OAAO,CAACE,IAAI,CAAC,KAAK,CAAE,cAAc,CAAE,IAAI,CAAC,CAACf,cAAA,GAAAI,CAAA,OAC1CS,OAAO,CAACsB,gBAAgB,CAAC,cAAc,CAAE,kBAAkB,CAAC,CAACnC,cAAA,GAAAI,CAAA,OAE7DS,OAAO,CAACG,MAAM,CAAG,UAAY,CAAAhB,cAAA,GAAAG,CAAA,OAAAH,cAAA,GAAAI,CAAA,OACzBa,QAAQ,CAAGC,IAAI,CAACC,KAAK,CAACN,OAAO,CAACO,YAAY,CAAC,CAC3C;AACA,GAAI,CAAAuC,IAAI,EAAA3D,cAAA,GAAAI,CAAA,OAAG,EAAE,EAAAJ,cAAA,GAAAI,CAAA,OACb,IAAK,GAAI,CAAAsD,CAAC,EAAA1D,cAAA,GAAAI,CAAA,OAAG,CAAC,EAAEsD,CAAC,CAAGzC,QAAQ,CAACwC,MAAM,CAAEC,CAAC,EAAE,CACxC,CAAA1D,cAAA,GAAAI,CAAA,UAAIa,QAAQ,CAACyC,CAAC,CAAC,CAACE,EAAE,GAAK,GAAG,CAAE,CAAA5D,cAAA,GAAAU,CAAA,SAAAV,cAAA,GAAAI,CAAA,OACxB,SAAU;AACd,CAAC,IACD,CAAAJ,cAAA,GAAAU,CAAA,SAAAV,cAAA,GAAAI,CAAA,OACIuD,IAAI,EAAI,MAAM,CACV,MAAM,EAAID,CAAC,CAAC,CAAC,CAAC,CAAG,OAAO,CACxB,MAAM,CAAGzC,QAAQ,CAACyC,CAAC,CAAC,CAACzB,IAAI,CAAG,OAAO,CACnC,MAAM,CAAGhB,QAAQ,CAACyC,CAAC,CAAC,CAACtB,KAAK,CAAG,OAAO,CACpC,MAAM,CAAGnB,QAAQ,CAACyC,CAAC,CAAC,CAACb,IAAI,CAAG,OAAO,CACnC,MAAM,CAAG5B,QAAQ,CAACyC,CAAC,CAAC,CAACZ,OAAO,CAAG,OAAO,CACvC;AACE;AACE;AACH,OAAO,CACX,OAAO,CACX,EAAC9C,cAAA,GAAAI,CAAA,OACDuC,QAAQ,CAACC,cAAc,CAAC,cAAc,CAAC,CAACG,SAAS,CAAGY,IAAI,CAC5D,CAAC,CAAC3D,cAAA,GAAAI,CAAA,OAEFS,OAAO,CAACW,IAAI,CAAC,CAAC,CAClB,CAIA,QAAS,CAAAqC,cAAcA,CAAA,CAAG,CAAA7D,cAAA,GAAAG,CAAA,OAEt
[...]
"15":0,"16":0,"17":0,"18":0,"19":0,"20":0,"21":0,"22":0,"23":0,"24":0,"25":0,"26":0,"27":0,"28":0,"29":0,"30":0,"31":0,"32":0,"33":0,"34":0,"35":0,"36":0,"37":0,"38":0,"39":0,"40":0,"41":0,"42":0,"43":0,"44":0,"45":0,"46":0,"47":0,"48":0,"49":0,"50":0,"51":0,"52":0,"53":0,"54":0,"55":0,"56":0},"f":{"0":0,"1":0,"2":0,"3":0,"4":0,"5":0,"6":0,"7":0,"8":0,"9":0,"10":0,"11":0,"12":0,"13":0,"14":0},"b":{},"all":true},"C:\\Users\\eacsa\\Documents\\DVOPS_Projects\\DVOPS-part1\\tests\\timeIn.test.js":{"path":"C:\\Users\\eacsa\\Documents\\DVOPS_Projects\\DVOPS-part1\\tests\\timeIn.test.js","statementMap":{},"fnMap":{},"branchMap":{},"s":{},"f":{},"b":{},"all":true},"C:\\Users\\eacsa\\Documents\\DVOPS_Projects\\DVOPS-part1\\tests\\userTests.test.js":{"path":"C:\\Users\\eacsa\\Documents\\DVOPS_Projects\\DVOPS-part1\\tests\\userTests.test.js","statementMap":{"0":{"start":{"line":1,"column":25},"end":{"line":1,"column":41}},"1":{"start":{"line":2,"column":19},"end":{"line":2,"column":34}},"2":{"start":{"line":4,"column":11},"end":{"line":4,"column":33}},"3":{"start":{"line":5,"column":28},"end":{"line":5,"column":56}},"4":{"start":{"line":7,"column":0},"end":{"line":118,"column":3}},"5":{"start":{"line":8,"column":25},"end":{"line":8,"column":43}},"6":{"start":{"line":9,"column":20},"end":{"line":9,"column":22}},"7":{"start":{"line":11,"column":3},"end":{"line":14,"column":3}},"8":{"start":{"line":12,"column":6},"end":{"line":12,"column":60}},"9":{"start":{"line":13,"column":6},"end":{"line":13,"column":42}},"10":{"start":{"line":16,"column":0},"end":{"line":35,"column":7}},"11":{"start":{"line":17,"column":16},"end":{"line":22,"column":5}},"12":{"start":{"line":23,"column":16},"end":{"line":33,"column":5}},"13":{"start":{"line":25,"column":4},"end":{"line":25,"column":31}},"14":{"start":{"line":26,"column":4},"end":{"line":26,"column":16}},"15":{"start":{"line":29,"column":4},"end":{"line":29,"column":57}},"16":{"start":{"line":30,"column":4},"end":{"line":30,"column":65}},"17":{"start":{"line":31,"column":4},"end":{"line":31,"column":73}},"18":{"start":{"line":34,"column":4},"end":{"line":34,"column":29}},"19":{"start":{"line":36,"column":3},"end":{"line":38,"column":3}},"20":{"start":{"line":37,"column":0},"end":{"line":37,"column":70}},"21":{"start":{"line":41,"column":0},"end":{"line":58,"column":7}},"22":{"start":{"line":42,"column":16},"end":{"line":47,"column":5}},"23":{"start":{"line":48,"column":16},"end":{"line":56,"column":5}},"24":{"start":{"line":50,"column":4},"end":{"line":50,"column":31}},"25":{"start":{"line":51,"column":4},"end":{"line":51,"column":16}},"26":{"start":{"line":54,"column":4},"end":{"line":54,"column":54}},"27":{"start":{"line":57,"column":4},"end":{"line":57,"column":29}},"28":{"start":{"line":60,"column":0},"end":{"line":77,"column":11}},"29":{"start":{"line":61,"column":20},"end":{"line":66,"column":9}},"30":{"start":{"line":67,"column":20},"end":{"line":75,"column":9}},"31":{"start":{"line":69,"column":8},"end":{"line":69,"column":35}},"32":{"start":{"line":70,"column":8},"end":{"line":70,"column":20}},"33":{"start":{"line":73,"column":8},"end":{"line":73,"column":58}},"34":{"start":{"line":76,"column":8},"end":{"line":76,"column":33}},"35":{"start":{"line":78,"column":8},"end":{"line":95,"column":15}},"36":{"start":{"line":79,"column":24},"end":{"line":84,"column":13}},"37":{"start":{"line":85,"column":24},"end":{"line":93,"column":13}},"38":{"start":{"line":87,"column":12},"end":{"line":87,"column":39}},"39":{"start":{"line":88,"column":12},"end":{"line":88,"column":24}},"40":{"start":{"line":91,"column":12},"end":{"line":91,"column":62}},"41":{"start":{"line":94,"column":12},"end":{"line":94,"column":37}},"42":{"start":{"line":98,"column":8},"end":{"line":116,"column":19}},"43":{"start":{"line":99,"column":28},"end":{"line":105,"column":17}},"44":{"start":{"line":106,"column":28},"end":{"line":114,"column":17}},"45":{"start":{"line":108,"column":16},"end":{"line":108,"column":43}},"46":{"start":{"line":109,"column":16},"end":{"line":109,"column":28}},"47":{"start":{"line":112,"column":16},"end":{"line":112,"column":66}},"48":{"start":{"line":115,"column":16},"end":{"line":115,"column":41}},"49":{"start":{"line":121,"column":0},"end":{"line":210,"column":3}},"50":{"start":{"line":122,"column":22},"end":{"line":122,"column":40}},"51":{"start":{"line":123,"column":17},"end":{"line":123,"column":19}},"52":{"start":{"line":124,"column":0},"end":{"line":127,"column":3}},"53":{"start":{"line":125,"column":0},"end":{"line":125,"column":54}},"54":{"start":{"line":126,"column":0},"end":{"line":126,"column":36}},"55":{"start":{"line":129,"column":0},"end":{"line":146,"column":7}},"56":{"start":{"line":130,"column":16},"end":{"line":135,"column":5}},"57":{"start":{"line":136,"column":16},"end":{"line":144,"column":5}},"58":{"start":{"line":138,"column":4},"end":{"line":138,"column":31}},"59":{"start":{"line":139,"column":4},"end":{"line":139,"column":16}},"60":{"start":{"line":142,"column":4},"end":{"line":142,"column":55}},"61":{"start":{"line":145,"column":4},"end":{"line":145,"column":26}},"62":{"start":{"line":148,"column":0},"end":{"line":166,"column":11}},"63":{"start":{"line":150,"column":20},"end":{"line":155,"column":9}},"64":{"start":{"line":156,"column":20},"end":{"line":164,"column":9}},"65":{"start":{"line":158,"column":8},"end":{"line":158,"column":35}},"66":{"start":{"line":159,"column":8},"end":{"line":159,"column":20}},"67":{"start":{"line":162,"column":8},"end":{"line":162,"column":62}},"68":{"start":{"line":165,"column":8},"end":{"line":165,"column":30}},"69":{"start":{"line":169,"column":0},"end":{"line":187,"column":15}},"70":{"start":{"line":171,"column":24},"end":{"line":176,"column":13}},"71":{"start":{"line":177,"column":24},"end":{"line":185,"column":13}},"72":{"start":{"line":179,"column":12},"end":{"line":179,"column":39}},"73":{"start":{"line":180,"column":12},"end":{"line":180,"column":24}},"74":{"start":{"line":183,"column":12},"end":{"line":183,"column":66}},"75":{"start":{"line":186,"column":12},"end":{"line":186,"column":34}},"76":{"start":{"line":190,"column":0},"end":{"line":208,"column":19}},"77":{"start":{"line":192,"column":28},"end":{"line":197,"column":17}},"78":{"start":{"line":198,"column":28},"end":{"line":206,"column":17}},"79":{"start":{"line":200,"column":16},"end":{"line":200,"column":43}},"80":{"start":{"line":201,"column":16},"end":{"line":201,"column":28}},"81":{"start":{"line":204,"column":16},"end":{"line":204,"column":70}},"82":{"start":{"line":207,"column":16},"end":{"line":207,"column":38}}},"fnMap":{"0":{"name":"(anonymous_0)","decl":{"start":{"line":7,"column":38},"end":{"line":7,"column":39}},"loc":{"start":{"line":7,"column":44},"end":{"line":118,"column":1}},"line":7},"1":{"name":"(anonymous_1)","decl":{"start":{"line":11,"column":14},"end":{"line":11,"column":15}},"loc":{"start":{"line":11,"column":26},"end":{"line":14,"column":1}},"line":11},"2":{"name":"(anonymous_2)","decl":{"start":{"line":16,"column":46},"end":{"line":16,"column":47}},"loc":{"start":{"line":16,"column":58},"end":{"line":35,"column":5}},"line":16},"3":{"name":"(anonymous_3)","decl":{"start":{"line":24,"column":12},"end":{"line":24,"column":13}},"loc":{"start":{"line":24,"column":28},"end":{"line":27,"column":5}},"line":24},"4":{"name":"(anonymous_4)","decl":{"start":{"line":28,"column":10},"end":{"line":28,"column":11}},"loc":{"start":{"line":28,"column":26},"end":{"line":32,"column":5}},"line":28},"5":{"name":"(anonymous_5)","decl":{"start":{"line":36,"column":13},"end":{"line":36,"column":14}},"loc":{"start":{"line":36,"column":25},"end":{"line":38,"column":1}},"line":36},"6":{"name":"(anonymous_6)","decl":{"start":{"line":41,"column":54},"end":{"line":41,"column":55}},"loc":{"start":{"line":41,"column":66},"end":{"line":58,"column":5}},"line":41},"7":{"name":"(anonymous_7)","decl":{"start":{"line":49,"column":12},"end":{"line":49,"column":13}},"loc":{"start":{"line":49,"column":28},"end":{"line":52,"column":5}},"line":49},"8":{"name":"(anonymous_8)","decl":{"start":{"line":53,"column":10},"end":{"line":53,"column":11}},"loc":{"start":{"line":53,"column":26},"end":{"line":55,"column":5}},"line":53},"9":{"name":"(anonymous_9)","decl":{"start":{"line":60,"column":59},"end":{"line":60,"column":60}},"loc":{"start":{"line":60,"column":71},"end":{"line":77,"column":9}},"line":60},"10":{"name":"(anonymous_10)","decl":{"start":{"line":68,"column":16},"end":{"line":68,"column":17}},"loc":{"start":{"line":68,"column":32},"end":{"line":71,"column":9}},"line":68},"11":{"name":"(anonymous_11)","decl":{"start":{"line":72,"column":14},"end":{"line":72,"column":15}},"loc":{"start":{"line":72,"column":30},"end":{"line":74,"column":9}},"line":72},"12":{"name":"(anonymous_12)","decl":{"start":{"line":78,"column":76},"end":{"line":78,"column":77}},"loc":{"start":{"line":78,"column":88},"end":{"line":95,"column":13}},"line":78},"13":{"name":"(anonymous_13)","decl":{"start":{"line":86,"column":20},"end":{"line":86,"column":21}},"loc":{"start":{"line":86,"column":36},"end":{"line":89,"column":13}},"line":86},"14":{"name":"(anonymous_14)","decl":{"start":{"line":90,"column":18},"end":{"line":90,"column":19}},"loc":{"start":{"line":90,"column":34},"end":{"line":92,"column":13}},"line":90},"15":{"name":"(anonymous_15)","decl":{"start":{"line":98,"column":84},"end":{"line":98,"column":85}},"loc":{"start":{"line":98,"column":96},"end":{"line":116,"column":17}},"line":98},"16":{"name":"(anonymous_16)","decl":{"start":{"line":107,"column":24},"end":{"line":107,"column":25}},"loc":{"start":{"line":107,"column":40},"end":{"line":110,"column":17}},"line":107},"17":{"name":"(anonymous_17)","decl":{"start":{"line":111,"column":22},"end":{"line":111,"column":23}},"loc":{"start":{"line":111,"column":38},"end":{"line":113,"column":17}},"line":111},"18":{"name":"(anonymous_18)","decl":{"start":{"line":121,"column":35},"end":{"line":121,"column":36}},"loc":{"start":{"line":121,"column":41},"end":{"line":210,"column":1}},"line":121},"19":{"name":"(anonymous_19)","decl":{"start":{"line":124,"column":11},"end":{"line":124,"column":12}},"loc":{"start":{"line":124,"column":23},"end":{"line":127,"column":1}},"line":124},"20":{"name":"(anonymous_20)","decl":{"start":{"line":129,"column":32},"end":{"line":129,"column":33}},"loc":{"start":{"line":129,"column":44},"end":{"line":146,"column":5}},"line":129},"21":{"name":"(anonymous_21)","decl":{"start":{"line":137,"column":12},"end":{"line":137,"column":13}},"loc":{"start":{"line":137,"column":28},"end":{"line":140,"column":5}},"line":137},"22":{"name":"(anonymous_22)","decl":{"start":{"line":141,"column":10},"end":{"line":141,"column":11}},"loc":{"start":{"line":141,"column":26},"end":{"line":143,"column":5}},"line":141},"23":{"name":"(anonymous_23)","decl":{"start":{"line":148,"column":56},"end":{"line":148,"column":57}},"loc":{"start":{"line":148,"column":68},"end":{"line":166,"column":9}},"line":148},"24":{"name":"(anonymous_24)","decl":{"start":{"line":157,"column":16},"end":{"line":157,"column":17}},"loc":{"start":{"line":157,"column":32},"end":{"line":160,"column":9}},"line":157},"25":{"name":"(anonymous_25)","decl":{"start":{"line":161,"column":14},"end":{"line":161,"column":15}},"loc":{"start":{"line":161,"column":30},"end":{"line":163,"column":9}},"line":161},"26":{"name":"(anonymous_26)","decl":{"start":{"line":169,"column":60},"end":{"line":169,"column":61}},"loc":{"start":{"line":169,"column":72},"end":{"line":187,"column":13}},"line":169},"27":{"name":"(anonymous_27)","decl":{"start":{"line":178,"column":20},"end":{"line":178,"column":21}},"loc":{"start":{"line":178,"column":36},"end":{"line":181,"column":13}},"line":178},"28":{"name":"(anonymous_28)","decl":{"start":{"line":182,"column":18},"end":{"line":182,"column":19}},"loc":{"start":{"line":182,"column":34},"end":{"line":184,"column":13}},"line":182},"29":{"name":"(anonymous_29)","decl":{"start":{"line":190,"column":75},"end":{"line":190,"column":76}},"loc":{"start":{"line":190,"column":87},"end":{"line":208,"column":17}},"line":190},"30":{"name":"(anonymous_30)","decl":{"start":{"line":199,"column":24},"end":{"line":199,"column":25}},"loc":{"start":{"line":199,"column":40},"end":{"line":202,"column":17}},"line":199},"31":{"name":"(anonymous_31)","decl":{"start":{"line":203,"column":22},"end":{"line":203,"column":23}},"loc":{"start":{"line":203,"column":38},"end":{"line":205,"column":17}},"line":203}},"branchMap":{},"s":{"0":0,"1":0,"2":0,"3":0,"4":0,"5":0,"6":0,"7":0,"8":0,"9":0,"10":0,"11":0,"12":0,"13":0,"14":0,"15":0,"16":0,"17":0,"18":0,"19":0,"20":0,"21":0,"22":0,"23":0,"24":0,"25":0,"26":0,"27":0,"28":0,"29":0,"30":0,"31":0,"32":0,"33":0,"34":0,"35":0,"36":0,"37":0,"38":0,"39":0,"40":0,"41":0,"42":0,"43":0,"44":0,"45":0,"46":0,"47":0,"48":0,"49":0,"50":0,"51":0,"52":0,"53":0,"54":0,"55":0,"56":0,"57":0,"58":0,"59":0,"60":0,"61":0,"62":0,"63":0,"64":0,"65":0,"66":0,"67":0,"68":0,"69":0,"70":0,"71":0,"72":0,"73":0,"74":0,"75":0,"76":0,"77":0,"78":0,"79":0,"80":0,"81":0,"82":0},"f":{"0":0,"1":0,"2":0,"3":0,"4":0,"5":0,"6":0,"7":0,"8":0,"9":0,"10":0,"11":0,"12":0,"13":0,"14":0,"15":0,"16":0,"17":0,"18":0,"19":0,"20":0,"21":0,"22":0,"23":0,"24":0,"25":0,"26":0,"27":0,"28":0,"29":0,"30":0,"31":0},"b":{},"all":true},"C:\\Users\\eacsa\\Documents\\DVOPS_Projects\\DVOPS-part1\\utils\\EditProfile.js":{"path":"C:\\Users\\eacsa\\Documents\\DVOPS_Projects\\DVOPS-part1\\utils\\EditProfile.js","statementMap":{"0":{"start":{"line":1,"column":32},"end":{"line":1,"column":53}},"1":{"start":{"line":3,"column":10},"end":{"line":3,"column":32}},"2":{"start":{"line":8,"column":4},"end":{"line":45,"column":1}},"3":{"start":{"line":10,"column":17},"end":{"line":10,"column":30}},"4":{"start":{"line":11,"column":20},"end":{"line":11,"column":37}},"5":{"start":{"line":12,"column":17},"end":{"line":12,"column":31}},"6":{"start":{"line":13,"column":18},"end":{"line":13,"column":34}},"7":{"start":{"line":14,"column":15},"end":{"line":14,"column":28}},"8":{"start":{"line":16,"column":22},"end":{"line":16,"column":56}},"9":{"start":{"line":17,"column":18},"end":{"line":17,"column":23}},"10":{"start":{"line":18,"column":4},"end":{"line":30,"column":5}},"11":{"start":{"line":18,"column":14},"end":{"line":18,"column":15}},"12":{"start":{"line":19,"column":28},"end":{"line":19,"column":41}},"13":{"start":{"line":20,"column":8},"end":{"line":29,"column":9}},"14":{"start":{"line":22,"column":12},"end":{"line":22,"column":36}},"15":{"start":{"line":23,"column":12},"end":{"line":23,"column":44}},"16":{"start":{"line":24,"column":12},"end":{"line":24,"column":38}},"17":{"start":{"line":25,"column":12},"end":{"line":25,"column":42}},"18":{"start":{"line":26,"column":12},"end":{"line":26,"column":36}},"19":{"start":{"line":27,"column":12},"end":{"line":27,"column":26}},"20":{"start":{"line":31,"column":4},"end":{"line":35,"column":5}},"21":{"start":{"line":32,"column":8},"end":{"line":32,"column":23}},"22":{"start":{"line":33,"column":8},"end":{"line":33,"column":74}},"23":{"start":{"line":36,"column":5},"end":{"line":40,"column":5}},"24":{"start":{"line":37,"column":8},"end":{"line":37,"column":82}},"25":{"start":{"line":38,"column":8},"end":{"line":38,"column":80}},"26":{"start":{"line":44,"column":0},"end":{"line":44,"column":70}},"27":{"start":{"line":47,"column":0},"end":{"line":50,"column":2}}},"fnMap":{"0":{"name":"editProfile","decl":{"start":{"line":7,"column":15},"end":{"line":7,"column":26}},"loc":{"start":{"line":7,"column":35},"end":{"line":46,"column":1}},"line":7}},"branchMap":{"0":{"loc":{"start":{"line":20,"column":8},"end":{"line":29,"column":9}},"type":"if","locations":[{"start":{"line":20,"column":8},"end":{"line":29,"column":9}},{"start":{"line":20,"column":8},"end":{"line":29,"column":9}}],"line":20},"1":{"loc":{"start":{"line":31,"column":4},"end":{"line":35,"column":5}},"type":"if","locations":[{"start":{"line":31,"column":4},"end":{"line":35,"column":5}},{"start":{"line":31,"column":4},"end":{"line":35,"column":5}}],"line":31},"2":{"loc":{"start":{"line":36,"column":5},"end":{"line":40,"column":5}},"type":"if","locations":[{"start":{"line":36,"column":5},"end":{"line":40,"column":5}},{"start":{"line":36,"column":5},"end":{"line":40,"column":5}}],"line":36}},"s":{"0":0,"1":0,"2":0,"3":0,"4":0,"5":0,"6":0,"7":0,"8":0,"9":0,"10":0,"11":0,"12":0,"13":0,"14":0,"15":0,"16":0,"17":0,"18":0,"19":0,"20":0,"21":0,"22":0,"23":0,"24":0,"25":0,"26":0,"27":0},"f":{"0":0},"b":{"0":[0,0],"1":[0,0],"2":[0,0]},"all":true},"C:\\Users\\eacsa\\Documents\\DVOPS_Projects\\DVOPS-part1\\utils\\EndOfDay.js":{"path":"C:\\Users\\eacsa\\Documents\\DVOPS_Projects\\DVOPS-part1\\utils\\EndOfDay.js","statementMap":{"0":{"start":{"line":2,"column":17},"end":{"line":2,"column":32}},"1":{"start":{"line":3,"column":32},"end":{"line":3,"column":53}},"2":{"start":{"line":5,"column":10},"end":{"line":5,"column":32}},"3":{"start":{"line":7,"column":2},"end":{"line":31,"column":1}},"4":{"start":{"line":11,"column":20},"end":{"line":11,"column":54}},"5":{"start":{"line":13,"column":16},"end":{"line":13,"column":18}},"6":{"start":{"line":14,"column":16},"end":{"line":14,"column":47}},"7":{"start":{"line":15,"column":2},"end":{"line":24,"column":12}},"8":{"start":{"line":15,"column":12},"end":{"line":15,"column":13}},"9":{"start":{"line":16,"column":26},"end":{"line":16,"column":39}},"10":{"start":{"line":19,"column":10},"end":{"line":24,"column":11}},"11":{"start":{"line":20,"column":10},"end":{"line":23,"column":11}},"12":{"start":{"line":21,"column":12},"end":{"line":21,"column":41}},"13":{"start":{"line":22,"column":12},"end":{"line":22,"column":39}},"14":{"start":{"line":25,"column":10},"end":{"line":25,"column":80}},"15":{"start":{"line":26,"column":10},"end":{"line":26,"column":84}},"16":{"start":{"line":27,"column":10},"end":{"line":27,"column":62}},"17":{"start":{"line":30,"column":0},"end":{"line":30,"column":60}},"18":{"start":{"line":34,"column":0},"end":{"line":36,"column":2}}},"fnMap":{"0":{"name":"EndOfDay","decl":{"start":{"line":6,"column":15},"end":{"line":6,"column":23}},"loc":{"start":{"line":6,"column":32},"end":{"line":32,"column":1}},"line":6}},"branchMap":{"0":{"loc":{"start":{"line":19,"column":10},"end":{"line":24,"column":11}},"type":"if","locations":[{"start":{"line":19,"column":10},"end":{"line":24,"column":11}},{"start":{"line":19,"column":10},"end":{"line":24,"column":11}}],"line":19},"1":{"loc":{"start":{"line":20,"column":10},"end":{"line":23,"column":11}},"type":"if","locations":[{"start":{"line":20,"column":10},"end":{"line":23,"column":11}},{"start":{"line":20,"column":10},"end":{"line":23,"column":11}}],"line":20}},"s":{"0":0,"1":0,"2":0,"3":0,"4":0,"5":0,"6":0,"7":0,"8":0,"9":0,"10":0,"11":0,"12":0,"13":0,"14":0,"15":0,"16":0,"17":0,"18":0},"f":{"0":0},"b":{"0":[0,0],"1":[0,0]},"all":true},"C:\\Users\\eacsa\\Documents\\DVOPS_Projects\\DVOPS-part1\\utils\\GetProfile.js":{"path":"C:\\Users\\eacsa\\Documents\\DVOPS_Projects\\DVOPS-part1\\utils\\GetProfile.js","statementMap":{"0":{"start":{"line":1,"column":21},"end":{"line":1,"column":42}},"1":{"start":{"line":6,"column":4},"end":{"line":12,"column":11}},"2":{"start":{"line":8,"column":12},"end":{"line":8,"column":52}},"3":{"start":{"line":11,"column":12},"end":{"line":11,"column":68}},"4":{"start":{"line":14,"column":0},"end":{"line":16,"column":2}}},"fnMap":{"0":{"name":"getProfile","decl":{"start":{"line":3,"column":15},"end":{"line":3,"column":25}},"loc":{"start":{"line":3,"column":36},"end":{"line":13,"column":1}},"line":3},"1":{"name":"(anonymous_1)","decl":{"start":{"line":7,"column":14},"end":{"line":7,"column":15}},"loc":{"start":{"line":7,"column":28},"end":{"line":9,"column":9}},"line":7},"2":{"name":"(anonymous_2)","decl":{"start":{"line":10,"column":15},"end":{"line":10,"column":16}},"loc":{"start":{"line":10,"column":24},"end":{"line":12,"column":9}},"line":10}},"branchMap":{},"s":{"0":0,"1":0,"2":0,"3":0,"4":0},"f":{"0":0,"1":0,"2":0},"b":{},"all":true}}